  [1m[35m (0.9ms)[0m  [1m[35mCREATE DATABASE "coloring-book-backend_development" ENCODING = 'unicode'[0m
  ↳ /Users/g/.rvm/rubies/ruby-2.6.1/lib/ruby/gems/2.6.0/gems/rake-12.3.2/lib/rake/task.rb:273
  [1m[35m (0.5ms)[0m  [1m[35mCREATE DATABASE "coloring-book-backend_test" ENCODING = 'unicode'[0m
  ↳ /Users/g/.rvm/rubies/ruby-2.6.1/lib/ruby/gems/2.6.0/gems/rake-12.3.2/lib/rake/task.rb:273
  [1m[35m (28.1ms)[0m  [1m[35mCREATE TABLE "schema_migrations" ("version" character varying NOT NULL PRIMARY KEY)[0m
  ↳ /Users/g/.rvm/rubies/ruby-2.6.1/lib/ruby/gems/2.6.0/gems/rake-12.3.2/lib/rake/task.rb:273
  [1m[35m (4.9ms)[0m  [1m[35mCREATE TABLE "ar_internal_metadata" ("key" character varying NOT NULL PRIMARY KEY, "value" character varying, "created_at" timestamp NOT NULL, "updated_at" timestamp NOT NULL)[0m
  ↳ /Users/g/.rvm/rubies/ruby-2.6.1/lib/ruby/gems/2.6.0/gems/rake-12.3.2/lib/rake/task.rb:273
  [1m[35m (0.7ms)[0m  [1m[34mSELECT pg_try_advisory_lock(417399028748982315)[0m
  ↳ /Users/g/.rvm/rubies/ruby-2.6.1/lib/ruby/gems/2.6.0/gems/rake-12.3.2/lib/rake/task.rb:273
  [1m[35m (0.6ms)[0m  [1m[34mSELECT "schema_migrations"."version" FROM "schema_migrations" ORDER BY "schema_migrations"."version" ASC[0m
  ↳ /Users/g/.rvm/rubies/ruby-2.6.1/lib/ruby/gems/2.6.0/gems/rake-12.3.2/lib/rake/task.rb:273
Migrating to CreateUsers (20190304195411)
  [1m[35m (0.3ms)[0m  [1m[35mBEGIN[0m
  ↳ /Users/g/.rvm/rubies/ruby-2.6.1/lib/ruby/gems/2.6.0/gems/rake-12.3.2/lib/rake/task.rb:273
  [1m[35m (7.4ms)[0m  [1m[35mCREATE TABLE "users" ("id" bigserial primary key, "username" character varying, "password_digest" character varying, "created_at" timestamp NOT NULL, "updated_at" timestamp NOT NULL)[0m
  ↳ db/migrate/20190304195411_create_users.rb:3
  [1m[36mActiveRecord::SchemaMigration Create (1.4ms)[0m  [1m[32mINSERT INTO "schema_migrations" ("version") VALUES ($1) RETURNING "version"[0m  [["version", "20190304195411"]]
  ↳ /Users/g/.rvm/rubies/ruby-2.6.1/lib/ruby/gems/2.6.0/gems/rake-12.3.2/lib/rake/task.rb:273
  [1m[35m (0.7ms)[0m  [1m[35mCOMMIT[0m
  ↳ /Users/g/.rvm/rubies/ruby-2.6.1/lib/ruby/gems/2.6.0/gems/rake-12.3.2/lib/rake/task.rb:273
Migrating to CreateImages (20190304195958)
  [1m[35m (0.5ms)[0m  [1m[35mBEGIN[0m
  ↳ /Users/g/.rvm/rubies/ruby-2.6.1/lib/ruby/gems/2.6.0/gems/rake-12.3.2/lib/rake/task.rb:273
  [1m[35m (3.6ms)[0m  [1m[35mCREATE TABLE "images" ("id" bigserial primary key, "name" character varying, "image" character varying, "created_at" timestamp NOT NULL, "updated_at" timestamp NOT NULL)[0m
  ↳ db/migrate/20190304195958_create_images.rb:3
  [1m[36mActiveRecord::SchemaMigration Create (0.5ms)[0m  [1m[32mINSERT INTO "schema_migrations" ("version") VALUES ($1) RETURNING "version"[0m  [["version", "20190304195958"]]
  ↳ /Users/g/.rvm/rubies/ruby-2.6.1/lib/ruby/gems/2.6.0/gems/rake-12.3.2/lib/rake/task.rb:273
  [1m[35m (0.5ms)[0m  [1m[35mCOMMIT[0m
  ↳ /Users/g/.rvm/rubies/ruby-2.6.1/lib/ruby/gems/2.6.0/gems/rake-12.3.2/lib/rake/task.rb:273
Migrating to CreateUserImages (20190304200006)
  [1m[35m (0.4ms)[0m  [1m[35mBEGIN[0m
  ↳ /Users/g/.rvm/rubies/ruby-2.6.1/lib/ruby/gems/2.6.0/gems/rake-12.3.2/lib/rake/task.rb:273
  [1m[35m (2.8ms)[0m  [1m[35mCREATE TABLE "user_images" ("id" bigserial primary key, "user_id" integer, "image_id" integer, "created_at" timestamp NOT NULL, "updated_at" timestamp NOT NULL)[0m
  ↳ db/migrate/20190304200006_create_user_images.rb:3
  [1m[36mActiveRecord::SchemaMigration Create (0.5ms)[0m  [1m[32mINSERT INTO "schema_migrations" ("version") VALUES ($1) RETURNING "version"[0m  [["version", "20190304200006"]]
  ↳ /Users/g/.rvm/rubies/ruby-2.6.1/lib/ruby/gems/2.6.0/gems/rake-12.3.2/lib/rake/task.rb:273
  [1m[35m (0.6ms)[0m  [1m[35mCOMMIT[0m
  ↳ /Users/g/.rvm/rubies/ruby-2.6.1/lib/ruby/gems/2.6.0/gems/rake-12.3.2/lib/rake/task.rb:273
  [1m[36mActiveRecord::InternalMetadata Load (0.7ms)[0m  [1m[34mSELECT  "ar_internal_metadata".* FROM "ar_internal_metadata" WHERE "ar_internal_metadata"."key" = $1 LIMIT $2[0m  [["key", "environment"], ["LIMIT", 1]]
  ↳ /Users/g/.rvm/rubies/ruby-2.6.1/lib/ruby/gems/2.6.0/gems/rake-12.3.2/lib/rake/task.rb:273
  [1m[35m (0.4ms)[0m  [1m[35mBEGIN[0m
  ↳ /Users/g/.rvm/rubies/ruby-2.6.1/lib/ruby/gems/2.6.0/gems/rake-12.3.2/lib/rake/task.rb:273
  [1m[36mActiveRecord::InternalMetadata Create (3.3ms)[0m  [1m[32mINSERT INTO "ar_internal_metadata" ("key", "value", "created_at", "updated_at") VALUES ($1, $2, $3, $4) RETURNING "key"[0m  [["key", "environment"], ["value", "development"], ["created_at", "2019-03-04 20:23:59.431528"], ["updated_at", "2019-03-04 20:23:59.431528"]]
  ↳ /Users/g/.rvm/rubies/ruby-2.6.1/lib/ruby/gems/2.6.0/gems/rake-12.3.2/lib/rake/task.rb:273
  [1m[35m (0.5ms)[0m  [1m[35mCOMMIT[0m
  ↳ /Users/g/.rvm/rubies/ruby-2.6.1/lib/ruby/gems/2.6.0/gems/rake-12.3.2/lib/rake/task.rb:273
  [1m[35m (0.4ms)[0m  [1m[34mSELECT pg_advisory_unlock(417399028748982315)[0m
  ↳ /Users/g/.rvm/rubies/ruby-2.6.1/lib/ruby/gems/2.6.0/gems/rake-12.3.2/lib/rake/task.rb:273
  [1m[35m (0.3ms)[0m  [1m[34mSELECT "schema_migrations"."version" FROM "schema_migrations" ORDER BY "schema_migrations"."version" ASC[0m
  ↳ /Users/g/.rvm/rubies/ruby-2.6.1/lib/ruby/gems/2.6.0/gems/rake-12.3.2/lib/rake/task.rb:273
  [1m[35m (1.0ms)[0m  [1m[34mSELECT "schema_migrations"."version" FROM "schema_migrations" ORDER BY "schema_migrations"."version" ASC[0m
  ↳ /Users/g/.rvm/rubies/ruby-2.6.1/lib/ruby/gems/2.6.0/gems/rake-12.3.2/lib/rake/task.rb:273
  [1m[35m (1.0ms)[0m  [1m[34mSELECT "schema_migrations"."version" FROM "schema_migrations" ORDER BY "schema_migrations"."version" ASC[0m
  ↳ /Users/g/.rvm/rubies/ruby-2.6.1/lib/ruby/gems/2.6.0/gems/rake-12.3.2/lib/rake/task.rb:273
  [1m[35m (1.1ms)[0m  [1m[34mSELECT "schema_migrations"."version" FROM "schema_migrations" ORDER BY "schema_migrations"."version" ASC[0m
  ↳ /Users/g/.rvm/rubies/ruby-2.6.1/lib/ruby/gems/2.6.0/gems/rake-12.3.2/lib/rake/task.rb:273
  [1m[35m (0.3ms)[0m  [1m[35mBEGIN[0m
  ↳ db/seeds.rb:9
  [1m[36mImage Create (1.1ms)[0m  [1m[32mINSERT INTO "images" ("name", "image", "created_at", "updated_at") VALUES ($1, $2, $3, $4) RETURNING "id"[0m  [["name", "Joel - la meilleure plante de tous les temps"], ["image", "images/1.faux_monstera_in_stone_painted_planter.jpg"], ["created_at", "2019-03-04 20:25:28.715762"], ["updated_at", "2019-03-04 20:25:28.715762"]]
  ↳ db/seeds.rb:9
  [1m[35m (0.7ms)[0m  [1m[35mCOMMIT[0m
  ↳ db/seeds.rb:9
  [1m[35m (0.2ms)[0m  [1m[35mBEGIN[0m
  ↳ db/seeds.rb:10
  [1m[36mImage Create (0.4ms)[0m  [1m[32mINSERT INTO "images" ("name", "image", "created_at", "updated_at") VALUES ($1, $2, $3, $4) RETURNING "id"[0m  [["name", "naméspace"], ["image", "images/017-large-decorative-flower-pots-cool-indoor-plants-plant-1w800-inside-for-remodel-2.jpg"], ["created_at", "2019-03-04 20:25:28.719428"], ["updated_at", "2019-03-04 20:25:28.719428"]]
  ↳ db/seeds.rb:10
  [1m[35m (0.4ms)[0m  [1m[35mCOMMIT[0m
  ↳ db/seeds.rb:10
  [1m[35m (0.3ms)[0m  [1m[35mBEGIN[0m
  ↳ db/seeds.rb:11
  [1m[36mImage Create (0.5ms)[0m  [1m[32mINSERT INTO "images" ("name", "image", "created_at", "updated_at") VALUES ($1, $2, $3, $4) RETURNING "id"[0m  [["name", "needles in water"], ["image", "images/61oVbbY6fSL._SR500,500_.jpg"], ["created_at", "2019-03-04 20:25:28.721681"], ["updated_at", "2019-03-04 20:25:28.721681"]]
  ↳ db/seeds.rb:11
  [1m[35m (0.5ms)[0m  [1m[35mCOMMIT[0m
  ↳ db/seeds.rb:11
  [1m[35m (0.1ms)[0m  [1m[35mBEGIN[0m
  ↳ db/seeds.rb:12
  [1m[36mImage Create (0.5ms)[0m  [1m[32mINSERT INTO "images" ("name", "image", "created_at", "updated_at") VALUES ($1, $2, $3, $4) RETURNING "id"[0m  [["name", "osumazon"], ["image", "images/3558f9bec47f67f41b3edbe1dbbea659.jpg"], ["created_at", "2019-03-04 20:25:28.724122"], ["updated_at", "2019-03-04 20:25:28.724122"]]
  ↳ db/seeds.rb:12
  [1m[35m (0.5ms)[0m  [1m[35mCOMMIT[0m
  ↳ db/seeds.rb:12
  [1m[35m (0.1ms)[0m  [1m[35mBEGIN[0m
  ↳ db/seeds.rb:13
  [1m[36mImage Create (0.4ms)[0m  [1m[32mINSERT INTO "images" ("name", "image", "created_at", "updated_at") VALUES ($1, $2, $3, $4) RETURNING "id"[0m  [["name", "rapunzle"], ["image", "images/38836d1b5da1e2a1a20ca27362b70adc.jpg"], ["created_at", "2019-03-04 20:25:28.726466"], ["updated_at", "2019-03-04 20:25:28.726466"]]
  ↳ db/seeds.rb:13
  [1m[35m (0.4ms)[0m  [1m[35mCOMMIT[0m
  ↳ db/seeds.rb:13
  [1m[35m (0.1ms)[0m  [1m[35mBEGIN[0m
  ↳ db/seeds.rb:14
  [1m[36mImage Create (0.4ms)[0m  [1m[32mINSERT INTO "images" ("name", "image", "created_at", "updated_at") VALUES ($1, $2, $3, $4) RETURNING "id"[0m  [["name", "sid vicious"], ["image", "images/88722-00-BAKI_20140901090429.jpg"], ["created_at", "2019-03-04 20:25:28.728555"], ["updated_at", "2019-03-04 20:25:28.728555"]]
  ↳ db/seeds.rb:14
  [1m[35m (0.4ms)[0m  [1m[35mCOMMIT[0m
  ↳ db/seeds.rb:14
  [1m[35m (0.1ms)[0m  [1m[35mBEGIN[0m
  ↳ db/seeds.rb:15
  [1m[36mImage Create (0.4ms)[0m  [1m[32mINSERT INTO "images" ("name", "image", "created_at", "updated_at") VALUES ($1, $2, $3, $4) RETURNING "id"[0m  [["name", "steve zissou"], ["image", "images/804870-03-2T.jpg"], ["created_at", "2019-03-04 20:25:28.730572"], ["updated_at", "2019-03-04 20:25:28.730572"]]
  ↳ db/seeds.rb:15
  [1m[35m (0.4ms)[0m  [1m[35mCOMMIT[0m
  ↳ db/seeds.rb:15
  [1m[35m (0.2ms)[0m  [1m[35mBEGIN[0m
  ↳ db/seeds.rb:16
  [1m[36mImage Create (0.3ms)[0m  [1m[32mINSERT INTO "images" ("name", "image", "created_at", "updated_at") VALUES ($1, $2, $3, $4) RETURNING "id"[0m  [["name", "idaho's best"], ["image", "images/1452656406696.jpg"], ["created_at", "2019-03-04 20:25:28.732610"], ["updated_at", "2019-03-04 20:25:28.732610"]]
  ↳ db/seeds.rb:16
  [1m[35m (0.3ms)[0m  [1m[35mCOMMIT[0m
  ↳ db/seeds.rb:16
  [1m[35m (0.1ms)[0m  [1m[35mBEGIN[0m
  ↳ db/seeds.rb:17
  [1m[36mImage Create (0.4ms)[0m  [1m[32mINSERT INTO "images" ("name", "image", "created_at", "updated_at") VALUES ($1, $2, $3, $4) RETURNING "id"[0m  [["name", "cookies & cream"], ["image", "images/air-plant-wall-glass-terrarium-wall-bubble.jpg"], ["created_at", "2019-03-04 20:25:28.734492"], ["updated_at", "2019-03-04 20:25:28.734492"]]
  ↳ db/seeds.rb:17
  [1m[35m (0.4ms)[0m  [1m[35mCOMMIT[0m
  ↳ db/seeds.rb:17
  [1m[35m (0.2ms)[0m  [1m[35mBEGIN[0m
  ↳ db/seeds.rb:18
  [1m[36mImage Create (0.4ms)[0m  [1m[32mINSERT INTO "images" ("name", "image", "created_at", "updated_at") VALUES ($1, $2, $3, $4) RETURNING "id"[0m  [["name", "jerold"], ["image", "images/best-house-plants.jpg"], ["created_at", "2019-03-04 20:25:28.736557"], ["updated_at", "2019-03-04 20:25:28.736557"]]
  ↳ db/seeds.rb:18
  [1m[35m (0.4ms)[0m  [1m[35mCOMMIT[0m
  ↳ db/seeds.rb:18
  [1m[35m (0.2ms)[0m  [1m[35mBEGIN[0m
  ↳ db/seeds.rb:19
  [1m[36mImage Create (0.4ms)[0m  [1m[32mINSERT INTO "images" ("name", "image", "created_at", "updated_at") VALUES ($1, $2, $3, $4) RETURNING "id"[0m  [["name", "triangle down under"], ["image", "images/har3_34004735-ce4f-463d-99c9-21fa15832325_580x@2x.jpg"], ["created_at", "2019-03-04 20:25:28.738626"], ["updated_at", "2019-03-04 20:25:28.738626"]]
  ↳ db/seeds.rb:19
  [1m[35m (0.4ms)[0m  [1m[35mCOMMIT[0m
  ↳ db/seeds.rb:19
  [1m[35m (0.2ms)[0m  [1m[35mBEGIN[0m
  ↳ db/seeds.rb:20
  [1m[36mImage Create (0.3ms)[0m  [1m[32mINSERT INTO "images" ("name", "image", "created_at", "updated_at") VALUES ($1, $2, $3, $4) RETURNING "id"[0m  [["name", "mountains building"], ["image", "images/images.crateandbarrel.jpg"], ["created_at", "2019-03-04 20:25:28.740714"], ["updated_at", "2019-03-04 20:25:28.740714"]]
  ↳ db/seeds.rb:20
  [1m[35m (0.4ms)[0m  [1m[35mCOMMIT[0m
  ↳ db/seeds.rb:20
  [1m[35m (0.1ms)[0m  [1m[35mBEGIN[0m
  ↳ db/seeds.rb:21
  [1m[36mImage Create (0.3ms)[0m  [1m[32mINSERT INTO "images" ("name", "image", "created_at", "updated_at") VALUES ($1, $2, $3, $4) RETURNING "id"[0m  [["name", "joanne"], ["image", "images/indoor-cactus-cactus-for-desk-indoor-with-exclusive-ceramic-indoor-cactus-garden-decorating-ideas.jpg"], ["created_at", "2019-03-04 20:25:28.742659"], ["updated_at", "2019-03-04 20:25:28.742659"]]
  ↳ db/seeds.rb:21
  [1m[35m (0.3ms)[0m  [1m[35mCOMMIT[0m
  ↳ db/seeds.rb:21
  [1m[35m (0.2ms)[0m  [1m[35mBEGIN[0m
  ↳ db/seeds.rb:22
  [1m[36mImage Create (0.3ms)[0m  [1m[32mINSERT INTO "images" ("name", "image", "created_at", "updated_at") VALUES ($1, $2, $3, $4) RETURNING "id"[0m  [["name", "moon landing"], ["image", "images/indoor-hanging-plants-264557-1533232476708-product.700x0c.jpg"], ["created_at", "2019-03-04 20:25:28.744413"], ["updated_at", "2019-03-04 20:25:28.744413"]]
  ↳ db/seeds.rb:22
  [1m[35m (0.4ms)[0m  [1m[35mCOMMIT[0m
  ↳ db/seeds.rb:22
  [1m[35m (0.2ms)[0m  [1m[35mBEGIN[0m
  ↳ db/seeds.rb:23
  [1m[36mImage Create (0.4ms)[0m  [1m[32mINSERT INTO "images" ("name", "image", "created_at", "updated_at") VALUES ($1, $2, $3, $4) RETURNING "id"[0m  [["name", "joe lorenzo"], ["image", "images/indoor-plant-32-beautiful-house-that-are-also-easy-to-maintain-b-u-y-i-t-pot-name-and-picture-stand-low-light-planter-indium-bunning-melbourne.jpg"], ["created_at", "2019-03-04 20:25:28.746148"], ["updated_at", "2019-03-04 20:25:28.746148"]]
  ↳ db/seeds.rb:23
  [1m[35m (0.4ms)[0m  [1m[35mCOMMIT[0m
  ↳ db/seeds.rb:23
  [1m[35m (0.2ms)[0m  [1m[35mBEGIN[0m
  ↳ db/seeds.rb:24
  [1m[36mImage Create (0.3ms)[0m  [1m[32mINSERT INTO "images" ("name", "image", "created_at", "updated_at") VALUES ($1, $2, $3, $4) RETURNING "id"[0m  [["name", "waffels with decisions"], ["image", "images/NorfolkIslandPine.jpg"], ["created_at", "2019-03-04 20:25:28.748020"], ["updated_at", "2019-03-04 20:25:28.748020"]]
  ↳ db/seeds.rb:24
  [1m[35m (0.4ms)[0m  [1m[35mCOMMIT[0m
  ↳ db/seeds.rb:24
  [1m[35m (0.2ms)[0m  [1m[35mBEGIN[0m
  ↳ db/seeds.rb:25
  [1m[36mImage Create (0.3ms)[0m  [1m[32mINSERT INTO "images" ("name", "image", "created_at", "updated_at") VALUES ($1, $2, $3, $4) RETURNING "id"[0m  [["name", "woods travelled"], ["image", "images/peace-lily.jpg"], ["created_at", "2019-03-04 20:25:28.750008"], ["updated_at", "2019-03-04 20:25:28.750008"]]
  ↳ db/seeds.rb:25
  [1m[35m (0.4ms)[0m  [1m[35mCOMMIT[0m
  ↳ db/seeds.rb:25
  [1m[35m (0.2ms)[0m  [1m[35mBEGIN[0m
  ↳ db/seeds.rb:26
  [1m[36mImage Create (0.4ms)[0m  [1m[32mINSERT INTO "images" ("name", "image", "created_at", "updated_at") VALUES ($1, $2, $3, $4) RETURNING "id"[0m  [["name", "horses and divorces"], ["image", "images/SM-9.jpg"], ["created_at", "2019-03-04 20:25:28.752002"], ["updated_at", "2019-03-04 20:25:28.752002"]]
  ↳ db/seeds.rb:26
  [1m[35m (0.4ms)[0m  [1m[35mCOMMIT[0m
  ↳ db/seeds.rb:26
  [1m[35m (0.1ms)[0m  [1m[35mBEGIN[0m
  ↳ db/seeds.rb:27
  [1m[36mImage Create (0.3ms)[0m  [1m[32mINSERT INTO "images" ("name", "image", "created_at", "updated_at") VALUES ($1, $2, $3, $4) RETURNING "id"[0m  [["name", "camels on moonstones"], ["image", "images/tall-house-plants-large-indoor-plants-tall-artificial-house-plants-uk.jpg"], ["created_at", "2019-03-04 20:25:28.753903"], ["updated_at", "2019-03-04 20:25:28.753903"]]
  ↳ db/seeds.rb:27
  [1m[35m (0.4ms)[0m  [1m[35mCOMMIT[0m
  ↳ db/seeds.rb:27
  [1m[35m (0.2ms)[0m  [1m[35mBEGIN[0m
  ↳ db/seeds.rb:28
  [1m[36mImage Create (0.3ms)[0m  [1m[32mINSERT INTO "images" ("name", "image", "created_at", "updated_at") VALUES ($1, $2, $3, $4) RETURNING "id"[0m  [["name", "festival of fyre"], ["image", "images/tumblr_o3uwkebUKw1ue7yrmo1_400.jpg"], ["created_at", "2019-03-04 20:25:28.755755"], ["updated_at", "2019-03-04 20:25:28.755755"]]
  ↳ db/seeds.rb:28
  [1m[35m (0.4ms)[0m  [1m[35mCOMMIT[0m
  ↳ db/seeds.rb:28
  [1m[35m (0.2ms)[0m  [1m[35mBEGIN[0m
  ↳ db/seeds.rb:29
  [1m[36mImage Create (0.4ms)[0m  [1m[32mINSERT INTO "images" ("name", "image", "created_at", "updated_at") VALUES ($1, $2, $3, $4) RETURNING "id"[0m  [["name", "midtown"], ["image", "images/types-of-tall-house-plants-sale-common-tall-house-plants-common-tree-house-plants.jpg"], ["created_at", "2019-03-04 20:25:28.757487"], ["updated_at", "2019-03-04 20:25:28.757487"]]
  ↳ db/seeds.rb:29
  [1m[35m (0.3ms)[0m  [1m[35mCOMMIT[0m
  ↳ db/seeds.rb:29
  [1m[35m (0.5ms)[0m  [1m[35mBEGIN[0m
  ↳ db/seeds.rb:31
  [1m[36mUser Create (0.8ms)[0m  [1m[32mINSERT INTO "users" ("username", "password_digest", "created_at", "updated_at") VALUES ($1, $2, $3, $4) RETURNING "id"[0m  [["username", "gracie"], ["password_digest", "$2a$10$pmjahPB3WZPluPChsZp7b.Y8I36F7tJ2SsvP2LHYIPcaJwe4AJj9m"], ["created_at", "2019-03-04 20:25:28.829466"], ["updated_at", "2019-03-04 20:25:28.829466"]]
  ↳ db/seeds.rb:31
  [1m[35m (2.2ms)[0m  [1m[35mCOMMIT[0m
  ↳ db/seeds.rb:31
  [1m[35m (1.2ms)[0m  [1m[34mSELECT "schema_migrations"."version" FROM "schema_migrations" ORDER BY "schema_migrations"."version" ASC[0m
  ↳ /Users/g/.rvm/rubies/ruby-2.6.1/lib/ruby/gems/2.6.0/gems/rake-12.3.2/lib/rake/task.rb:273
  [1m[35m (0.3ms)[0m  [1m[34mSELECT "schema_migrations"."version" FROM "schema_migrations" ORDER BY "schema_migrations"."version" ASC[0m
  ↳ /Users/g/.rvm/rubies/ruby-2.6.1/lib/ruby/gems/2.6.0/gems/rake-12.3.2/lib/rake/task.rb:273
  [1m[35m (0.4ms)[0m  [1m[34mSELECT "schema_migrations"."version" FROM "schema_migrations" ORDER BY "schema_migrations"."version" ASC[0m
  ↳ /Users/g/.rvm/rubies/ruby-2.6.1/lib/ruby/gems/2.6.0/gems/rake-12.3.2/lib/rake/task.rb:273
  [1m[35m (0.2ms)[0m  [1m[34mSELECT pg_try_advisory_lock(417399028748982315)[0m
  ↳ /Users/g/.rvm/rubies/ruby-2.6.1/lib/ruby/gems/2.6.0/gems/rake-12.3.2/lib/rake/task.rb:273
  [1m[35m (0.4ms)[0m  [1m[34mSELECT "schema_migrations"."version" FROM "schema_migrations" ORDER BY "schema_migrations"."version" ASC[0m
  ↳ /Users/g/.rvm/rubies/ruby-2.6.1/lib/ruby/gems/2.6.0/gems/rake-12.3.2/lib/rake/task.rb:273
Migrating to CreateUserImages (20190304200006)
  [1m[35m (0.3ms)[0m  [1m[35mBEGIN[0m
  ↳ /Users/g/.rvm/rubies/ruby-2.6.1/lib/ruby/gems/2.6.0/gems/rake-12.3.2/lib/rake/task.rb:273
  [1m[35m (5.7ms)[0m  [1m[35mDROP TABLE "user_images"[0m
  ↳ /Users/g/.rvm/rubies/ruby-2.6.1/lib/ruby/gems/2.6.0/gems/rake-12.3.2/lib/rake/task.rb:273
  [1m[36mActiveRecord::SchemaMigration Destroy (0.7ms)[0m  [1m[31mDELETE FROM "schema_migrations" WHERE "schema_migrations"."version" = $1[0m  [["version", "20190304200006"]]
  ↳ /Users/g/.rvm/rubies/ruby-2.6.1/lib/ruby/gems/2.6.0/gems/rake-12.3.2/lib/rake/task.rb:273
  [1m[35m (1.8ms)[0m  [1m[35mCOMMIT[0m
  ↳ /Users/g/.rvm/rubies/ruby-2.6.1/lib/ruby/gems/2.6.0/gems/rake-12.3.2/lib/rake/task.rb:273
  [1m[35m (0.4ms)[0m  [1m[34mSELECT pg_advisory_unlock(417399028748982315)[0m
  ↳ /Users/g/.rvm/rubies/ruby-2.6.1/lib/ruby/gems/2.6.0/gems/rake-12.3.2/lib/rake/task.rb:273
  [1m[35m (0.5ms)[0m  [1m[34mSELECT "schema_migrations"."version" FROM "schema_migrations" ORDER BY "schema_migrations"."version" ASC[0m
  ↳ /Users/g/.rvm/rubies/ruby-2.6.1/lib/ruby/gems/2.6.0/gems/rake-12.3.2/lib/rake/task.rb:273
  [1m[35m (1.1ms)[0m  [1m[34mSELECT "schema_migrations"."version" FROM "schema_migrations" ORDER BY "schema_migrations"."version" ASC[0m
  ↳ /Users/g/.rvm/rubies/ruby-2.6.1/lib/ruby/gems/2.6.0/gems/rake-12.3.2/lib/rake/task.rb:273
  [1m[35m (0.4ms)[0m  [1m[34mSELECT "schema_migrations"."version" FROM "schema_migrations" ORDER BY "schema_migrations"."version" ASC[0m
  ↳ /Users/g/.rvm/rubies/ruby-2.6.1/lib/ruby/gems/2.6.0/gems/rake-12.3.2/lib/rake/task.rb:273
  [1m[35m (0.3ms)[0m  [1m[34mSELECT "schema_migrations"."version" FROM "schema_migrations" ORDER BY "schema_migrations"."version" ASC[0m
  ↳ /Users/g/.rvm/rubies/ruby-2.6.1/lib/ruby/gems/2.6.0/gems/rake-12.3.2/lib/rake/task.rb:273
  [1m[35m (0.5ms)[0m  [1m[34mSELECT pg_try_advisory_lock(417399028748982315)[0m
  ↳ /Users/g/.rvm/rubies/ruby-2.6.1/lib/ruby/gems/2.6.0/gems/rake-12.3.2/lib/rake/task.rb:273
  [1m[35m (0.4ms)[0m  [1m[34mSELECT "schema_migrations"."version" FROM "schema_migrations" ORDER BY "schema_migrations"."version" ASC[0m
  ↳ /Users/g/.rvm/rubies/ruby-2.6.1/lib/ruby/gems/2.6.0/gems/rake-12.3.2/lib/rake/task.rb:273
Migrating to CreateImages (20190304195958)
  [1m[35m (0.2ms)[0m  [1m[35mBEGIN[0m
  ↳ /Users/g/.rvm/rubies/ruby-2.6.1/lib/ruby/gems/2.6.0/gems/rake-12.3.2/lib/rake/task.rb:273
  [1m[35m (2.2ms)[0m  [1m[35mDROP TABLE "images"[0m
  ↳ /Users/g/.rvm/rubies/ruby-2.6.1/lib/ruby/gems/2.6.0/gems/rake-12.3.2/lib/rake/task.rb:273
  [1m[36mActiveRecord::SchemaMigration Destroy (0.7ms)[0m  [1m[31mDELETE FROM "schema_migrations" WHERE "schema_migrations"."version" = $1[0m  [["version", "20190304195958"]]
  ↳ /Users/g/.rvm/rubies/ruby-2.6.1/lib/ruby/gems/2.6.0/gems/rake-12.3.2/lib/rake/task.rb:273
  [1m[35m (6.9ms)[0m  [1m[35mCOMMIT[0m
  ↳ /Users/g/.rvm/rubies/ruby-2.6.1/lib/ruby/gems/2.6.0/gems/rake-12.3.2/lib/rake/task.rb:273
  [1m[35m (0.4ms)[0m  [1m[34mSELECT pg_advisory_unlock(417399028748982315)[0m
  ↳ /Users/g/.rvm/rubies/ruby-2.6.1/lib/ruby/gems/2.6.0/gems/rake-12.3.2/lib/rake/task.rb:273
  [1m[35m (0.5ms)[0m  [1m[34mSELECT "schema_migrations"."version" FROM "schema_migrations" ORDER BY "schema_migrations"."version" ASC[0m
  ↳ /Users/g/.rvm/rubies/ruby-2.6.1/lib/ruby/gems/2.6.0/gems/rake-12.3.2/lib/rake/task.rb:273
  [1m[35m (1.1ms)[0m  [1m[34mSELECT "schema_migrations"."version" FROM "schema_migrations" ORDER BY "schema_migrations"."version" ASC[0m
  ↳ /Users/g/.rvm/rubies/ruby-2.6.1/lib/ruby/gems/2.6.0/gems/rake-12.3.2/lib/rake/task.rb:273
  [1m[35m (0.5ms)[0m  [1m[34mSELECT "schema_migrations"."version" FROM "schema_migrations" ORDER BY "schema_migrations"."version" ASC[0m
  ↳ /Users/g/.rvm/rubies/ruby-2.6.1/lib/ruby/gems/2.6.0/gems/rake-12.3.2/lib/rake/task.rb:273
  [1m[35m (0.5ms)[0m  [1m[34mSELECT "schema_migrations"."version" FROM "schema_migrations" ORDER BY "schema_migrations"."version" ASC[0m
  ↳ /Users/g/.rvm/rubies/ruby-2.6.1/lib/ruby/gems/2.6.0/gems/rake-12.3.2/lib/rake/task.rb:273
  [1m[35m (0.4ms)[0m  [1m[34mSELECT pg_try_advisory_lock(417399028748982315)[0m
  ↳ /Users/g/.rvm/rubies/ruby-2.6.1/lib/ruby/gems/2.6.0/gems/rake-12.3.2/lib/rake/task.rb:273
  [1m[35m (0.3ms)[0m  [1m[34mSELECT "schema_migrations"."version" FROM "schema_migrations" ORDER BY "schema_migrations"."version" ASC[0m
  ↳ /Users/g/.rvm/rubies/ruby-2.6.1/lib/ruby/gems/2.6.0/gems/rake-12.3.2/lib/rake/task.rb:273
Migrating to CreateUsers (20190304195411)
  [1m[35m (0.3ms)[0m  [1m[35mBEGIN[0m
  ↳ /Users/g/.rvm/rubies/ruby-2.6.1/lib/ruby/gems/2.6.0/gems/rake-12.3.2/lib/rake/task.rb:273
  [1m[35m (2.2ms)[0m  [1m[35mDROP TABLE "users"[0m
  ↳ /Users/g/.rvm/rubies/ruby-2.6.1/lib/ruby/gems/2.6.0/gems/rake-12.3.2/lib/rake/task.rb:273
  [1m[36mActiveRecord::SchemaMigration Destroy (0.7ms)[0m  [1m[31mDELETE FROM "schema_migrations" WHERE "schema_migrations"."version" = $1[0m  [["version", "20190304195411"]]
  ↳ /Users/g/.rvm/rubies/ruby-2.6.1/lib/ruby/gems/2.6.0/gems/rake-12.3.2/lib/rake/task.rb:273
  [1m[35m (3.7ms)[0m  [1m[35mCOMMIT[0m
  ↳ /Users/g/.rvm/rubies/ruby-2.6.1/lib/ruby/gems/2.6.0/gems/rake-12.3.2/lib/rake/task.rb:273
  [1m[35m (0.5ms)[0m  [1m[34mSELECT pg_advisory_unlock(417399028748982315)[0m
  ↳ /Users/g/.rvm/rubies/ruby-2.6.1/lib/ruby/gems/2.6.0/gems/rake-12.3.2/lib/rake/task.rb:273
  [1m[35m (0.4ms)[0m  [1m[34mSELECT "schema_migrations"."version" FROM "schema_migrations" ORDER BY "schema_migrations"."version" ASC[0m
  ↳ /Users/g/.rvm/rubies/ruby-2.6.1/lib/ruby/gems/2.6.0/gems/rake-12.3.2/lib/rake/task.rb:273
  [1m[35m (0.3ms)[0m  [1m[34mSELECT pg_try_advisory_lock(417399028748982315)[0m
  ↳ /Users/g/.rvm/rubies/ruby-2.6.1/lib/ruby/gems/2.6.0/gems/rake-12.3.2/lib/rake/task.rb:273
  [1m[35m (1.0ms)[0m  [1m[34mSELECT "schema_migrations"."version" FROM "schema_migrations" ORDER BY "schema_migrations"."version" ASC[0m
  ↳ /Users/g/.rvm/rubies/ruby-2.6.1/lib/ruby/gems/2.6.0/gems/rake-12.3.2/lib/rake/task.rb:273
Migrating to CreateUsers (20190304195411)
  [1m[35m (0.3ms)[0m  [1m[35mBEGIN[0m
  ↳ /Users/g/.rvm/rubies/ruby-2.6.1/lib/ruby/gems/2.6.0/gems/rake-12.3.2/lib/rake/task.rb:273
  [1m[35m (9.4ms)[0m  [1m[35mCREATE TABLE "users" ("id" bigserial primary key, "username" character varying, "password_digest" character varying, "created_at" timestamp NOT NULL, "updated_at" timestamp NOT NULL)[0m
  ↳ db/migrate/20190304195411_create_users.rb:3
  [1m[36mActiveRecord::SchemaMigration Create (0.5ms)[0m  [1m[32mINSERT INTO "schema_migrations" ("version") VALUES ($1) RETURNING "version"[0m  [["version", "20190304195411"]]
  ↳ /Users/g/.rvm/rubies/ruby-2.6.1/lib/ruby/gems/2.6.0/gems/rake-12.3.2/lib/rake/task.rb:273
  [1m[35m (0.6ms)[0m  [1m[35mCOMMIT[0m
  ↳ /Users/g/.rvm/rubies/ruby-2.6.1/lib/ruby/gems/2.6.0/gems/rake-12.3.2/lib/rake/task.rb:273
Migrating to CreateImages (20190304195958)
  [1m[35m (0.3ms)[0m  [1m[35mBEGIN[0m
  ↳ /Users/g/.rvm/rubies/ruby-2.6.1/lib/ruby/gems/2.6.0/gems/rake-12.3.2/lib/rake/task.rb:273
  [1m[35m (5.3ms)[0m  [1m[35mCREATE TABLE "images" ("id" bigserial primary key, "name" character varying, "image" character varying, "created_at" timestamp NOT NULL, "updated_at" timestamp NOT NULL)[0m
  ↳ db/migrate/20190304195958_create_images.rb:3
  [1m[36mActiveRecord::SchemaMigration Create (0.4ms)[0m  [1m[32mINSERT INTO "schema_migrations" ("version") VALUES ($1) RETURNING "version"[0m  [["version", "20190304195958"]]
  ↳ /Users/g/.rvm/rubies/ruby-2.6.1/lib/ruby/gems/2.6.0/gems/rake-12.3.2/lib/rake/task.rb:273
  [1m[35m (0.6ms)[0m  [1m[35mCOMMIT[0m
  ↳ /Users/g/.rvm/rubies/ruby-2.6.1/lib/ruby/gems/2.6.0/gems/rake-12.3.2/lib/rake/task.rb:273
Migrating to CreateUserImages (20190304200006)
  [1m[35m (0.6ms)[0m  [1m[35mBEGIN[0m
  ↳ /Users/g/.rvm/rubies/ruby-2.6.1/lib/ruby/gems/2.6.0/gems/rake-12.3.2/lib/rake/task.rb:273
  [1m[35m (3.7ms)[0m  [1m[35mCREATE TABLE "user_images" ("id" bigserial primary key, "user_id" integer, "image_id" integer, "created_at" timestamp NOT NULL, "updated_at" timestamp NOT NULL)[0m
  ↳ db/migrate/20190304200006_create_user_images.rb:3
  [1m[36mActiveRecord::SchemaMigration Create (0.5ms)[0m  [1m[32mINSERT INTO "schema_migrations" ("version") VALUES ($1) RETURNING "version"[0m  [["version", "20190304200006"]]
  ↳ /Users/g/.rvm/rubies/ruby-2.6.1/lib/ruby/gems/2.6.0/gems/rake-12.3.2/lib/rake/task.rb:273
  [1m[35m (0.6ms)[0m  [1m[35mCOMMIT[0m
  ↳ /Users/g/.rvm/rubies/ruby-2.6.1/lib/ruby/gems/2.6.0/gems/rake-12.3.2/lib/rake/task.rb:273
  [1m[36mActiveRecord::InternalMetadata Load (0.8ms)[0m  [1m[34mSELECT  "ar_internal_metadata".* FROM "ar_internal_metadata" WHERE "ar_internal_metadata"."key" = $1 LIMIT $2[0m  [["key", "environment"], ["LIMIT", 1]]
  ↳ /Users/g/.rvm/rubies/ruby-2.6.1/lib/ruby/gems/2.6.0/gems/rake-12.3.2/lib/rake/task.rb:273
  [1m[35m (0.2ms)[0m  [1m[35mBEGIN[0m
  ↳ /Users/g/.rvm/rubies/ruby-2.6.1/lib/ruby/gems/2.6.0/gems/rake-12.3.2/lib/rake/task.rb:273
  [1m[35m (0.1ms)[0m  [1m[35mCOMMIT[0m
  ↳ /Users/g/.rvm/rubies/ruby-2.6.1/lib/ruby/gems/2.6.0/gems/rake-12.3.2/lib/rake/task.rb:273
  [1m[35m (0.3ms)[0m  [1m[34mSELECT pg_advisory_unlock(417399028748982315)[0m
  ↳ /Users/g/.rvm/rubies/ruby-2.6.1/lib/ruby/gems/2.6.0/gems/rake-12.3.2/lib/rake/task.rb:273
  [1m[35m (0.5ms)[0m  [1m[34mSELECT "schema_migrations"."version" FROM "schema_migrations" ORDER BY "schema_migrations"."version" ASC[0m
  ↳ /Users/g/.rvm/rubies/ruby-2.6.1/lib/ruby/gems/2.6.0/gems/rake-12.3.2/lib/rake/task.rb:273
  [1m[35m (1.1ms)[0m  [1m[34mSELECT "schema_migrations"."version" FROM "schema_migrations" ORDER BY "schema_migrations"."version" ASC[0m
  ↳ /Users/g/.rvm/rubies/ruby-2.6.1/lib/ruby/gems/2.6.0/gems/rake-12.3.2/lib/rake/task.rb:273
  [1m[35m (0.6ms)[0m  [1m[34mSELECT "ar_internal_metadata"."value" FROM "ar_internal_metadata" WHERE "ar_internal_metadata"."key" = $1[0m  [["key", "environment"]]
  ↳ /Users/g/.rvm/rubies/ruby-2.6.1/lib/ruby/gems/2.6.0/gems/rake-12.3.2/lib/rake/task.rb:273
  [1m[35m (0.4ms)[0m  [1m[34mSELECT "schema_migrations"."version" FROM "schema_migrations" ORDER BY "schema_migrations"."version" ASC[0m
  ↳ /Users/g/.rvm/rubies/ruby-2.6.1/lib/ruby/gems/2.6.0/gems/rake-12.3.2/lib/rake/task.rb:273
  [1m[35m (0.4ms)[0m  [1m[34mSELECT "ar_internal_metadata"."value" FROM "ar_internal_metadata" WHERE "ar_internal_metadata"."key" = $1[0m  [["key", "environment"]]
  ↳ /Users/g/.rvm/rubies/ruby-2.6.1/lib/ruby/gems/2.6.0/gems/rake-12.3.2/lib/rake/task.rb:273
  [1m[35m (0.3ms)[0m  [1m[34mSELECT "schema_migrations"."version" FROM "schema_migrations" ORDER BY "schema_migrations"."version" ASC[0m
  ↳ /Users/g/.rvm/rubies/ruby-2.6.1/lib/ruby/gems/2.6.0/gems/rake-12.3.2/lib/rake/task.rb:273
  [1m[35m (0.2ms)[0m  [1m[34mSELECT "ar_internal_metadata"."value" FROM "ar_internal_metadata" WHERE "ar_internal_metadata"."key" = $1[0m  [["key", "environment"]]
  ↳ /Users/g/.rvm/rubies/ruby-2.6.1/lib/ruby/gems/2.6.0/gems/rake-12.3.2/lib/rake/task.rb:273
  [1m[35m (139.6ms)[0m  [1m[35mDROP DATABASE IF EXISTS "coloring-book-backend_development"[0m
  ↳ /Users/g/.rvm/rubies/ruby-2.6.1/lib/ruby/gems/2.6.0/gems/rake-12.3.2/lib/rake/task.rb:273
  [1m[35m (138.5ms)[0m  [1m[35mDROP DATABASE IF EXISTS "coloring-book-backend_test"[0m
  ↳ /Users/g/.rvm/rubies/ruby-2.6.1/lib/ruby/gems/2.6.0/gems/rake-12.3.2/lib/rake/task.rb:273
  [1m[35m (270.8ms)[0m  [1m[35mCREATE DATABASE "coloring-book-backend_development" ENCODING = 'unicode'[0m
  ↳ /Users/g/.rvm/rubies/ruby-2.6.1/lib/ruby/gems/2.6.0/gems/rake-12.3.2/lib/rake/task.rb:273
  [1m[35m (271.4ms)[0m  [1m[35mCREATE DATABASE "coloring-book-backend_test" ENCODING = 'unicode'[0m
  ↳ /Users/g/.rvm/rubies/ruby-2.6.1/lib/ruby/gems/2.6.0/gems/rake-12.3.2/lib/rake/task.rb:273
  [1m[35mSQL (1.7ms)[0m  [1m[35mCREATE EXTENSION IF NOT EXISTS "plpgsql"[0m
  ↳ db/schema.rb:16
  [1m[35m (0.3ms)[0m  [1m[35mDROP TABLE IF EXISTS "images" CASCADE[0m
  ↳ db/schema.rb:18
  [1m[35m (9.5ms)[0m  [1m[35mCREATE TABLE "images" ("id" bigserial primary key, "name" character varying, "image" character varying, "created_at" timestamp NOT NULL, "updated_at" timestamp NOT NULL)[0m
  ↳ db/schema.rb:18
  [1m[35m (0.5ms)[0m  [1m[35mDROP TABLE IF EXISTS "user_images" CASCADE[0m
  ↳ db/schema.rb:25
  [1m[35m (4.1ms)[0m  [1m[35mCREATE TABLE "user_images" ("id" bigserial primary key, "user_id" integer, "image_id" integer, "created_at" timestamp NOT NULL, "updated_at" timestamp NOT NULL)[0m
  ↳ db/schema.rb:25
  [1m[35m (0.5ms)[0m  [1m[35mDROP TABLE IF EXISTS "users" CASCADE[0m
  ↳ db/schema.rb:32
  [1m[35m (5.3ms)[0m  [1m[35mCREATE TABLE "users" ("id" bigserial primary key, "username" character varying, "password_digest" character varying, "created_at" timestamp NOT NULL, "updated_at" timestamp NOT NULL)[0m
  ↳ db/schema.rb:32
  [1m[35m (4.0ms)[0m  [1m[35mCREATE TABLE "schema_migrations" ("version" character varying NOT NULL PRIMARY KEY)[0m
  ↳ db/schema.rb:13
  [1m[35m (1.0ms)[0m  [1m[34mSELECT "schema_migrations"."version" FROM "schema_migrations" ORDER BY "schema_migrations"."version" ASC[0m
  ↳ db/schema.rb:13
  [1m[35m (1.0ms)[0m  [1m[32mINSERT INTO "schema_migrations" (version) VALUES (20190304200006)[0m
  ↳ db/schema.rb:13
  [1m[35m (0.6ms)[0m  [1m[32mINSERT INTO "schema_migrations" (version) VALUES
(20190304195958),
(20190304195411);

[0m
  ↳ db/schema.rb:13
  [1m[35m (4.1ms)[0m  [1m[35mCREATE TABLE "ar_internal_metadata" ("key" character varying NOT NULL PRIMARY KEY, "value" character varying, "created_at" timestamp NOT NULL, "updated_at" timestamp NOT NULL)[0m
  ↳ db/schema.rb:13
  [1m[36mActiveRecord::InternalMetadata Load (0.5ms)[0m  [1m[34mSELECT  "ar_internal_metadata".* FROM "ar_internal_metadata" WHERE "ar_internal_metadata"."key" = $1 LIMIT $2[0m  [["key", "environment"], ["LIMIT", 1]]
  ↳ db/schema.rb:13
  [1m[35m (0.1ms)[0m  [1m[35mBEGIN[0m
  ↳ db/schema.rb:13
  [1m[36mActiveRecord::InternalMetadata Create (0.5ms)[0m  [1m[32mINSERT INTO "ar_internal_metadata" ("key", "value", "created_at", "updated_at") VALUES ($1, $2, $3, $4) RETURNING "key"[0m  [["key", "environment"], ["value", "development"], ["created_at", "2019-03-04 20:26:14.378298"], ["updated_at", "2019-03-04 20:26:14.378298"]]
  ↳ db/schema.rb:13
  [1m[35m (0.4ms)[0m  [1m[35mCOMMIT[0m
  ↳ db/schema.rb:13
  [1m[36mActiveRecord::InternalMetadata Load (0.3ms)[0m  [1m[34mSELECT  "ar_internal_metadata".* FROM "ar_internal_metadata" WHERE "ar_internal_metadata"."key" = $1 LIMIT $2[0m  [["key", "environment"], ["LIMIT", 1]]
  ↳ /Users/g/.rvm/rubies/ruby-2.6.1/lib/ruby/gems/2.6.0/gems/rake-12.3.2/lib/rake/task.rb:273
  [1m[35m (0.1ms)[0m  [1m[35mBEGIN[0m
  ↳ /Users/g/.rvm/rubies/ruby-2.6.1/lib/ruby/gems/2.6.0/gems/rake-12.3.2/lib/rake/task.rb:273
  [1m[35m (0.2ms)[0m  [1m[35mCOMMIT[0m
  ↳ /Users/g/.rvm/rubies/ruby-2.6.1/lib/ruby/gems/2.6.0/gems/rake-12.3.2/lib/rake/task.rb:273
  [1m[35mSQL (0.5ms)[0m  [1m[35mCREATE EXTENSION IF NOT EXISTS "plpgsql"[0m
  ↳ db/schema.rb:16
  [1m[35m (0.2ms)[0m  [1m[35mDROP TABLE IF EXISTS "images" CASCADE[0m
  ↳ db/schema.rb:18
  [1m[35m (8.8ms)[0m  [1m[35mCREATE TABLE "images" ("id" bigserial primary key, "name" character varying, "image" character varying, "created_at" timestamp NOT NULL, "updated_at" timestamp NOT NULL)[0m
  ↳ db/schema.rb:18
  [1m[35m (0.4ms)[0m  [1m[35mDROP TABLE IF EXISTS "user_images" CASCADE[0m
  ↳ db/schema.rb:25
  [1m[35m (4.0ms)[0m  [1m[35mCREATE TABLE "user_images" ("id" bigserial primary key, "user_id" integer, "image_id" integer, "created_at" timestamp NOT NULL, "updated_at" timestamp NOT NULL)[0m
  ↳ db/schema.rb:25
  [1m[35m (0.4ms)[0m  [1m[35mDROP TABLE IF EXISTS "users" CASCADE[0m
  ↳ db/schema.rb:32
  [1m[35m (4.7ms)[0m  [1m[35mCREATE TABLE "users" ("id" bigserial primary key, "username" character varying, "password_digest" character varying, "created_at" timestamp NOT NULL, "updated_at" timestamp NOT NULL)[0m
  ↳ db/schema.rb:32
  [1m[35m (4.0ms)[0m  [1m[35mCREATE TABLE "schema_migrations" ("version" character varying NOT NULL PRIMARY KEY)[0m
  ↳ db/schema.rb:13
  [1m[35m (1.0ms)[0m  [1m[34mSELECT "schema_migrations"."version" FROM "schema_migrations" ORDER BY "schema_migrations"."version" ASC[0m
  ↳ db/schema.rb:13
  [1m[35m (0.9ms)[0m  [1m[32mINSERT INTO "schema_migrations" (version) VALUES (20190304200006)[0m
  ↳ db/schema.rb:13
  [1m[35m (0.7ms)[0m  [1m[32mINSERT INTO "schema_migrations" (version) VALUES
(20190304195958),
(20190304195411);

[0m
  ↳ db/schema.rb:13
  [1m[35m (4.0ms)[0m  [1m[35mCREATE TABLE "ar_internal_metadata" ("key" character varying NOT NULL PRIMARY KEY, "value" character varying, "created_at" timestamp NOT NULL, "updated_at" timestamp NOT NULL)[0m
  ↳ db/schema.rb:13
  [1m[36mActiveRecord::InternalMetadata Load (0.6ms)[0m  [1m[34mSELECT  "ar_internal_metadata".* FROM "ar_internal_metadata" WHERE "ar_internal_metadata"."key" = $1 LIMIT $2[0m  [["key", "environment"], ["LIMIT", 1]]
  ↳ db/schema.rb:13
  [1m[35m (0.1ms)[0m  [1m[35mBEGIN[0m
  ↳ db/schema.rb:13
  [1m[36mActiveRecord::InternalMetadata Create (0.5ms)[0m  [1m[32mINSERT INTO "ar_internal_metadata" ("key", "value", "created_at", "updated_at") VALUES ($1, $2, $3, $4) RETURNING "key"[0m  [["key", "environment"], ["value", "development"], ["created_at", "2019-03-04 20:26:14.452657"], ["updated_at", "2019-03-04 20:26:14.452657"]]
  ↳ db/schema.rb:13
  [1m[35m (0.4ms)[0m  [1m[35mCOMMIT[0m
  ↳ db/schema.rb:13
  [1m[36mActiveRecord::InternalMetadata Load (0.3ms)[0m  [1m[34mSELECT  "ar_internal_metadata".* FROM "ar_internal_metadata" WHERE "ar_internal_metadata"."key" = $1 LIMIT $2[0m  [["key", "environment"], ["LIMIT", 1]]
  ↳ /Users/g/.rvm/rubies/ruby-2.6.1/lib/ruby/gems/2.6.0/gems/rake-12.3.2/lib/rake/task.rb:273
  [1m[35m (0.2ms)[0m  [1m[35mBEGIN[0m
  ↳ /Users/g/.rvm/rubies/ruby-2.6.1/lib/ruby/gems/2.6.0/gems/rake-12.3.2/lib/rake/task.rb:273
  [1m[36mActiveRecord::InternalMetadata Update (0.4ms)[0m  [1m[33mUPDATE "ar_internal_metadata" SET "value" = $1, "updated_at" = $2 WHERE "ar_internal_metadata"."key" = $3[0m  [["value", "test"], ["updated_at", "2019-03-04 20:26:14.456612"], ["key", "environment"]]
  ↳ /Users/g/.rvm/rubies/ruby-2.6.1/lib/ruby/gems/2.6.0/gems/rake-12.3.2/lib/rake/task.rb:273
  [1m[35m (0.4ms)[0m  [1m[35mCOMMIT[0m
  ↳ /Users/g/.rvm/rubies/ruby-2.6.1/lib/ruby/gems/2.6.0/gems/rake-12.3.2/lib/rake/task.rb:273
  [1m[35m (1.0ms)[0m  [1m[34mSELECT "schema_migrations"."version" FROM "schema_migrations" ORDER BY "schema_migrations"."version" ASC[0m
  ↳ /Users/g/.rvm/rubies/ruby-2.6.1/lib/ruby/gems/2.6.0/gems/rake-12.3.2/lib/rake/task.rb:273
  [1m[35m (0.1ms)[0m  [1m[35mBEGIN[0m
  ↳ db/seeds.rb:9
  [1m[36mImage Create (0.9ms)[0m  [1m[32mINSERT INTO "images" ("name", "image", "created_at", "updated_at") VALUES ($1, $2, $3, $4) RETURNING "id"[0m  [["name", "Joel - la meilleure plante de tous les temps"], ["image", "images/1.faux_monstera_in_stone_painted_planter.jpg"], ["created_at", "2019-03-04 20:26:14.494737"], ["updated_at", "2019-03-04 20:26:14.494737"]]
  ↳ db/seeds.rb:9
  [1m[35m (0.5ms)[0m  [1m[35mCOMMIT[0m
  ↳ db/seeds.rb:9
  [1m[35m (0.1ms)[0m  [1m[35mBEGIN[0m
  ↳ db/seeds.rb:10
  [1m[36mImage Create (0.4ms)[0m  [1m[32mINSERT INTO "images" ("name", "image", "created_at", "updated_at") VALUES ($1, $2, $3, $4) RETURNING "id"[0m  [["name", "naméspace"], ["image", "images/017-large-decorative-flower-pots-cool-indoor-plants-plant-1w800-inside-for-remodel-2.jpg"], ["created_at", "2019-03-04 20:26:14.497608"], ["updated_at", "2019-03-04 20:26:14.497608"]]
  ↳ db/seeds.rb:10
  [1m[35m (0.6ms)[0m  [1m[35mCOMMIT[0m
  ↳ db/seeds.rb:10
  [1m[35m (0.3ms)[0m  [1m[35mBEGIN[0m
  ↳ db/seeds.rb:11
  [1m[36mImage Create (0.5ms)[0m  [1m[32mINSERT INTO "images" ("name", "image", "created_at", "updated_at") VALUES ($1, $2, $3, $4) RETURNING "id"[0m  [["name", "needles in water"], ["image", "images/61oVbbY6fSL._SR500,500_.jpg"], ["created_at", "2019-03-04 20:26:14.500246"], ["updated_at", "2019-03-04 20:26:14.500246"]]
  ↳ db/seeds.rb:11
  [1m[35m (0.5ms)[0m  [1m[35mCOMMIT[0m
  ↳ db/seeds.rb:11
  [1m[35m (0.1ms)[0m  [1m[35mBEGIN[0m
  ↳ db/seeds.rb:12
  [1m[36mImage Create (0.4ms)[0m  [1m[32mINSERT INTO "images" ("name", "image", "created_at", "updated_at") VALUES ($1, $2, $3, $4) RETURNING "id"[0m  [["name", "osumazon"], ["image", "images/3558f9bec47f67f41b3edbe1dbbea659.jpg"], ["created_at", "2019-03-04 20:26:14.502751"], ["updated_at", "2019-03-04 20:26:14.502751"]]
  ↳ db/seeds.rb:12
  [1m[35m (0.3ms)[0m  [1m[35mCOMMIT[0m
  ↳ db/seeds.rb:12
  [1m[35m (0.1ms)[0m  [1m[35mBEGIN[0m
  ↳ db/seeds.rb:13
  [1m[36mImage Create (0.3ms)[0m  [1m[32mINSERT INTO "images" ("name", "image", "created_at", "updated_at") VALUES ($1, $2, $3, $4) RETURNING "id"[0m  [["name", "rapunzle"], ["image", "images/38836d1b5da1e2a1a20ca27362b70adc.jpg"], ["created_at", "2019-03-04 20:26:14.504620"], ["updated_at", "2019-03-04 20:26:14.504620"]]
  ↳ db/seeds.rb:13
  [1m[35m (0.5ms)[0m  [1m[35mCOMMIT[0m
  ↳ db/seeds.rb:13
  [1m[35m (0.2ms)[0m  [1m[35mBEGIN[0m
  ↳ db/seeds.rb:14
  [1m[36mImage Create (0.3ms)[0m  [1m[32mINSERT INTO "images" ("name", "image", "created_at", "updated_at") VALUES ($1, $2, $3, $4) RETURNING "id"[0m  [["name", "sid vicious"], ["image", "images/88722-00-BAKI_20140901090429.jpg"], ["created_at", "2019-03-04 20:26:14.506700"], ["updated_at", "2019-03-04 20:26:14.506700"]]
  ↳ db/seeds.rb:14
  [1m[35m (0.5ms)[0m  [1m[35mCOMMIT[0m
  ↳ db/seeds.rb:14
  [1m[35m (0.2ms)[0m  [1m[35mBEGIN[0m
  ↳ db/seeds.rb:15
  [1m[36mImage Create (0.3ms)[0m  [1m[32mINSERT INTO "images" ("name", "image", "created_at", "updated_at") VALUES ($1, $2, $3, $4) RETURNING "id"[0m  [["name", "steve zissou"], ["image", "images/804870-03-2T.jpg"], ["created_at", "2019-03-04 20:26:14.508884"], ["updated_at", "2019-03-04 20:26:14.508884"]]
  ↳ db/seeds.rb:15
  [1m[35m (0.5ms)[0m  [1m[35mCOMMIT[0m
  ↳ db/seeds.rb:15
  [1m[35m (0.2ms)[0m  [1m[35mBEGIN[0m
  ↳ db/seeds.rb:16
  [1m[36mImage Create (0.4ms)[0m  [1m[32mINSERT INTO "images" ("name", "image", "created_at", "updated_at") VALUES ($1, $2, $3, $4) RETURNING "id"[0m  [["name", "idaho's best"], ["image", "images/1452656406696.jpg"], ["created_at", "2019-03-04 20:26:14.511175"], ["updated_at", "2019-03-04 20:26:14.511175"]]
  ↳ db/seeds.rb:16
  [1m[35m (0.4ms)[0m  [1m[35mCOMMIT[0m
  ↳ db/seeds.rb:16
  [1m[35m (0.1ms)[0m  [1m[35mBEGIN[0m
  ↳ db/seeds.rb:17
  [1m[36mImage Create (0.3ms)[0m  [1m[32mINSERT INTO "images" ("name", "image", "created_at", "updated_at") VALUES ($1, $2, $3, $4) RETURNING "id"[0m  [["name", "cookies & cream"], ["image", "images/air-plant-wall-glass-terrarium-wall-bubble.jpg"], ["created_at", "2019-03-04 20:26:14.513115"], ["updated_at", "2019-03-04 20:26:14.513115"]]
  ↳ db/seeds.rb:17
  [1m[35m (0.4ms)[0m  [1m[35mCOMMIT[0m
  ↳ db/seeds.rb:17
  [1m[35m (0.2ms)[0m  [1m[35mBEGIN[0m
  ↳ db/seeds.rb:18
  [1m[36mImage Create (0.4ms)[0m  [1m[32mINSERT INTO "images" ("name", "image", "created_at", "updated_at") VALUES ($1, $2, $3, $4) RETURNING "id"[0m  [["name", "jerold"], ["image", "images/best-house-plants.jpg"], ["created_at", "2019-03-04 20:26:14.515173"], ["updated_at", "2019-03-04 20:26:14.515173"]]
  ↳ db/seeds.rb:18
  [1m[35m (0.5ms)[0m  [1m[35mCOMMIT[0m
  ↳ db/seeds.rb:18
  [1m[35m (0.1ms)[0m  [1m[35mBEGIN[0m
  ↳ db/seeds.rb:19
  [1m[36mImage Create (0.3ms)[0m  [1m[32mINSERT INTO "images" ("name", "image", "created_at", "updated_at") VALUES ($1, $2, $3, $4) RETURNING "id"[0m  [["name", "triangle down under"], ["image", "images/har3_34004735-ce4f-463d-99c9-21fa15832325_580x@2x.jpg"], ["created_at", "2019-03-04 20:26:14.517299"], ["updated_at", "2019-03-04 20:26:14.517299"]]
  ↳ db/seeds.rb:19
  [1m[35m (0.3ms)[0m  [1m[35mCOMMIT[0m
  ↳ db/seeds.rb:19
  [1m[35m (0.1ms)[0m  [1m[35mBEGIN[0m
  ↳ db/seeds.rb:20
  [1m[36mImage Create (0.3ms)[0m  [1m[32mINSERT INTO "images" ("name", "image", "created_at", "updated_at") VALUES ($1, $2, $3, $4) RETURNING "id"[0m  [["name", "mountains building"], ["image", "images/images.crateandbarrel.jpg"], ["created_at", "2019-03-04 20:26:14.519095"], ["updated_at", "2019-03-04 20:26:14.519095"]]
  ↳ db/seeds.rb:20
  [1m[35m (0.4ms)[0m  [1m[35mCOMMIT[0m
  ↳ db/seeds.rb:20
  [1m[35m (0.1ms)[0m  [1m[35mBEGIN[0m
  ↳ db/seeds.rb:21
  [1m[36mImage Create (0.3ms)[0m  [1m[32mINSERT INTO "images" ("name", "image", "created_at", "updated_at") VALUES ($1, $2, $3, $4) RETURNING "id"[0m  [["name", "joanne"], ["image", "images/indoor-cactus-cactus-for-desk-indoor-with-exclusive-ceramic-indoor-cactus-garden-decorating-ideas.jpg"], ["created_at", "2019-03-04 20:26:14.520807"], ["updated_at", "2019-03-04 20:26:14.520807"]]
  ↳ db/seeds.rb:21
  [1m[35m (0.3ms)[0m  [1m[35mCOMMIT[0m
  ↳ db/seeds.rb:21
  [1m[35m (0.1ms)[0m  [1m[35mBEGIN[0m
  ↳ db/seeds.rb:22
  [1m[36mImage Create (0.3ms)[0m  [1m[32mINSERT INTO "images" ("name", "image", "created_at", "updated_at") VALUES ($1, $2, $3, $4) RETURNING "id"[0m  [["name", "moon landing"], ["image", "images/indoor-hanging-plants-264557-1533232476708-product.700x0c.jpg"], ["created_at", "2019-03-04 20:26:14.522507"], ["updated_at", "2019-03-04 20:26:14.522507"]]
  ↳ db/seeds.rb:22
  [1m[35m (0.4ms)[0m  [1m[35mCOMMIT[0m
  ↳ db/seeds.rb:22
  [1m[35m (0.1ms)[0m  [1m[35mBEGIN[0m
  ↳ db/seeds.rb:23
  [1m[36mImage Create (0.3ms)[0m  [1m[32mINSERT INTO "images" ("name", "image", "created_at", "updated_at") VALUES ($1, $2, $3, $4) RETURNING "id"[0m  [["name", "joe lorenzo"], ["image", "images/indoor-plant-32-beautiful-house-that-are-also-easy-to-maintain-b-u-y-i-t-pot-name-and-picture-stand-low-light-planter-indium-bunning-melbourne.jpg"], ["created_at", "2019-03-04 20:26:14.524216"], ["updated_at", "2019-03-04 20:26:14.524216"]]
  ↳ db/seeds.rb:23
  [1m[35m (0.3ms)[0m  [1m[35mCOMMIT[0m
  ↳ db/seeds.rb:23
  [1m[35m (0.1ms)[0m  [1m[35mBEGIN[0m
  ↳ db/seeds.rb:24
  [1m[36mImage Create (0.3ms)[0m  [1m[32mINSERT INTO "images" ("name", "image", "created_at", "updated_at") VALUES ($1, $2, $3, $4) RETURNING "id"[0m  [["name", "waffels with decisions"], ["image", "images/NorfolkIslandPine.jpg"], ["created_at", "2019-03-04 20:26:14.525898"], ["updated_at", "2019-03-04 20:26:14.525898"]]
  ↳ db/seeds.rb:24
  [1m[35m (0.5ms)[0m  [1m[35mCOMMIT[0m
  ↳ db/seeds.rb:24
  [1m[35m (0.2ms)[0m  [1m[35mBEGIN[0m
  ↳ db/seeds.rb:25
  [1m[36mImage Create (0.4ms)[0m  [1m[32mINSERT INTO "images" ("name", "image", "created_at", "updated_at") VALUES ($1, $2, $3, $4) RETURNING "id"[0m  [["name", "woods travelled"], ["image", "images/peace-lily.jpg"], ["created_at", "2019-03-04 20:26:14.528185"], ["updated_at", "2019-03-04 20:26:14.528185"]]
  ↳ db/seeds.rb:25
  [1m[35m (0.5ms)[0m  [1m[35mCOMMIT[0m
  ↳ db/seeds.rb:25
  [1m[35m (0.2ms)[0m  [1m[35mBEGIN[0m
  ↳ db/seeds.rb:26
  [1m[36mImage Create (0.4ms)[0m  [1m[32mINSERT INTO "images" ("name", "image", "created_at", "updated_at") VALUES ($1, $2, $3, $4) RETURNING "id"[0m  [["name", "horses and divorces"], ["image", "images/SM-9.jpg"], ["created_at", "2019-03-04 20:26:14.530743"], ["updated_at", "2019-03-04 20:26:14.530743"]]
  ↳ db/seeds.rb:26
  [1m[35m (0.5ms)[0m  [1m[35mCOMMIT[0m
  ↳ db/seeds.rb:26
  [1m[35m (0.1ms)[0m  [1m[35mBEGIN[0m
  ↳ db/seeds.rb:27
  [1m[36mImage Create (0.3ms)[0m  [1m[32mINSERT INTO "images" ("name", "image", "created_at", "updated_at") VALUES ($1, $2, $3, $4) RETURNING "id"[0m  [["name", "camels on moonstones"], ["image", "images/tall-house-plants-large-indoor-plants-tall-artificial-house-plants-uk.jpg"], ["created_at", "2019-03-04 20:26:14.532803"], ["updated_at", "2019-03-04 20:26:14.532803"]]
  ↳ db/seeds.rb:27
  [1m[35m (0.3ms)[0m  [1m[35mCOMMIT[0m
  ↳ db/seeds.rb:27
  [1m[35m (0.1ms)[0m  [1m[35mBEGIN[0m
  ↳ db/seeds.rb:28
  [1m[36mImage Create (0.3ms)[0m  [1m[32mINSERT INTO "images" ("name", "image", "created_at", "updated_at") VALUES ($1, $2, $3, $4) RETURNING "id"[0m  [["name", "festival of fyre"], ["image", "images/tumblr_o3uwkebUKw1ue7yrmo1_400.jpg"], ["created_at", "2019-03-04 20:26:14.534537"], ["updated_at", "2019-03-04 20:26:14.534537"]]
  ↳ db/seeds.rb:28
  [1m[35m (0.5ms)[0m  [1m[35mCOMMIT[0m
  ↳ db/seeds.rb:28
  [1m[35m (0.1ms)[0m  [1m[35mBEGIN[0m
  ↳ db/seeds.rb:29
  [1m[36mImage Create (0.4ms)[0m  [1m[32mINSERT INTO "images" ("name", "image", "created_at", "updated_at") VALUES ($1, $2, $3, $4) RETURNING "id"[0m  [["name", "midtown"], ["image", "images/types-of-tall-house-plants-sale-common-tall-house-plants-common-tree-house-plants.jpg"], ["created_at", "2019-03-04 20:26:14.536588"], ["updated_at", "2019-03-04 20:26:14.536588"]]
  ↳ db/seeds.rb:29
  [1m[35m (0.6ms)[0m  [1m[35mCOMMIT[0m
  ↳ db/seeds.rb:29
  [1m[35m (0.2ms)[0m  [1m[35mBEGIN[0m
  ↳ db/seeds.rb:31
  [1m[36mUser Create (0.6ms)[0m  [1m[32mINSERT INTO "users" ("username", "password_digest", "created_at", "updated_at") VALUES ($1, $2, $3, $4) RETURNING "id"[0m  [["username", "gracie"], ["password_digest", "$2a$10$MYp8fi33wSHzXayEXwWX6OBOo3Ck7GqlAdaO9LtntfxtEqDUWDKMy"], ["created_at", "2019-03-04 20:26:14.609656"], ["updated_at", "2019-03-04 20:26:14.609656"]]
  ↳ db/seeds.rb:31
  [1m[35m (1.9ms)[0m  [1m[35mCOMMIT[0m
  ↳ db/seeds.rb:31
  [1m[35m (1.0ms)[0m  [1m[34mSELECT "schema_migrations"."version" FROM "schema_migrations" ORDER BY "schema_migrations"."version" ASC[0m
  ↳ /Users/g/.rvm/rubies/ruby-2.6.1/lib/ruby/gems/2.6.0/gems/rake-12.3.2/lib/rake/task.rb:273
  [1m[35m (0.2ms)[0m  [1m[35mBEGIN[0m
  ↳ db/seeds.rb:9
  [1m[36mImage Create (0.7ms)[0m  [1m[32mINSERT INTO "images" ("name", "image", "created_at", "updated_at") VALUES ($1, $2, $3, $4) RETURNING "id"[0m  [["name", "Joel - la meilleure plante de tous les temps"], ["image", "images/1.faux_monstera_in_stone_painted_planter.jpg"], ["created_at", "2019-03-04 20:26:22.361719"], ["updated_at", "2019-03-04 20:26:22.361719"]]
  ↳ db/seeds.rb:9
  [1m[35m (5.5ms)[0m  [1m[35mCOMMIT[0m
  ↳ db/seeds.rb:9
  [1m[35m (0.2ms)[0m  [1m[35mBEGIN[0m
  ↳ db/seeds.rb:10
  [1m[36mImage Create (0.5ms)[0m  [1m[32mINSERT INTO "images" ("name", "image", "created_at", "updated_at") VALUES ($1, $2, $3, $4) RETURNING "id"[0m  [["name", "naméspace"], ["image", "images/017-large-decorative-flower-pots-cool-indoor-plants-plant-1w800-inside-for-remodel-2.jpg"], ["created_at", "2019-03-04 20:26:22.369850"], ["updated_at", "2019-03-04 20:26:22.369850"]]
  ↳ db/seeds.rb:10
  [1m[35m (0.5ms)[0m  [1m[35mCOMMIT[0m
  ↳ db/seeds.rb:10
  [1m[35m (0.1ms)[0m  [1m[35mBEGIN[0m
  ↳ db/seeds.rb:11
  [1m[36mImage Create (0.3ms)[0m  [1m[32mINSERT INTO "images" ("name", "image", "created_at", "updated_at") VALUES ($1, $2, $3, $4) RETURNING "id"[0m  [["name", "needles in water"], ["image", "images/61oVbbY6fSL._SR500,500_.jpg"], ["created_at", "2019-03-04 20:26:22.372321"], ["updated_at", "2019-03-04 20:26:22.372321"]]
  ↳ db/seeds.rb:11
  [1m[35m (0.5ms)[0m  [1m[35mCOMMIT[0m
  ↳ db/seeds.rb:11
  [1m[35m (0.2ms)[0m  [1m[35mBEGIN[0m
  ↳ db/seeds.rb:12
  [1m[36mImage Create (0.4ms)[0m  [1m[32mINSERT INTO "images" ("name", "image", "created_at", "updated_at") VALUES ($1, $2, $3, $4) RETURNING "id"[0m  [["name", "osumazon"], ["image", "images/3558f9bec47f67f41b3edbe1dbbea659.jpg"], ["created_at", "2019-03-04 20:26:22.374417"], ["updated_at", "2019-03-04 20:26:22.374417"]]
  ↳ db/seeds.rb:12
  [1m[35m (0.4ms)[0m  [1m[35mCOMMIT[0m
  ↳ db/seeds.rb:12
  [1m[35m (0.1ms)[0m  [1m[35mBEGIN[0m
  ↳ db/seeds.rb:13
  [1m[36mImage Create (0.4ms)[0m  [1m[32mINSERT INTO "images" ("name", "image", "created_at", "updated_at") VALUES ($1, $2, $3, $4) RETURNING "id"[0m  [["name", "rapunzle"], ["image", "images/38836d1b5da1e2a1a20ca27362b70adc.jpg"], ["created_at", "2019-03-04 20:26:22.376469"], ["updated_at", "2019-03-04 20:26:22.376469"]]
  ↳ db/seeds.rb:13
  [1m[35m (0.4ms)[0m  [1m[35mCOMMIT[0m
  ↳ db/seeds.rb:13
  [1m[35m (0.2ms)[0m  [1m[35mBEGIN[0m
  ↳ db/seeds.rb:14
  [1m[36mImage Create (0.3ms)[0m  [1m[32mINSERT INTO "images" ("name", "image", "created_at", "updated_at") VALUES ($1, $2, $3, $4) RETURNING "id"[0m  [["name", "sid vicious"], ["image", "images/88722-00-BAKI_20140901090429.jpg"], ["created_at", "2019-03-04 20:26:22.378445"], ["updated_at", "2019-03-04 20:26:22.378445"]]
  ↳ db/seeds.rb:14
  [1m[35m (0.4ms)[0m  [1m[35mCOMMIT[0m
  ↳ db/seeds.rb:14
  [1m[35m (0.2ms)[0m  [1m[35mBEGIN[0m
  ↳ db/seeds.rb:15
  [1m[36mImage Create (0.3ms)[0m  [1m[32mINSERT INTO "images" ("name", "image", "created_at", "updated_at") VALUES ($1, $2, $3, $4) RETURNING "id"[0m  [["name", "steve zissou"], ["image", "images/804870-03-2T.jpg"], ["created_at", "2019-03-04 20:26:22.380411"], ["updated_at", "2019-03-04 20:26:22.380411"]]
  ↳ db/seeds.rb:15
  [1m[35m (0.4ms)[0m  [1m[35mCOMMIT[0m
  ↳ db/seeds.rb:15
  [1m[35m (0.1ms)[0m  [1m[35mBEGIN[0m
  ↳ db/seeds.rb:16
  [1m[36mImage Create (0.3ms)[0m  [1m[32mINSERT INTO "images" ("name", "image", "created_at", "updated_at") VALUES ($1, $2, $3, $4) RETURNING "id"[0m  [["name", "idaho's best"], ["image", "images/1452656406696.jpg"], ["created_at", "2019-03-04 20:26:22.382224"], ["updated_at", "2019-03-04 20:26:22.382224"]]
  ↳ db/seeds.rb:16
  [1m[35m (0.3ms)[0m  [1m[35mCOMMIT[0m
  ↳ db/seeds.rb:16
  [1m[35m (0.1ms)[0m  [1m[35mBEGIN[0m
  ↳ db/seeds.rb:17
  [1m[36mImage Create (0.4ms)[0m  [1m[32mINSERT INTO "images" ("name", "image", "created_at", "updated_at") VALUES ($1, $2, $3, $4) RETURNING "id"[0m  [["name", "cookies & cream"], ["image", "images/air-plant-wall-glass-terrarium-wall-bubble.jpg"], ["created_at", "2019-03-04 20:26:22.383788"], ["updated_at", "2019-03-04 20:26:22.383788"]]
  ↳ db/seeds.rb:17
  [1m[35m (0.4ms)[0m  [1m[35mCOMMIT[0m
  ↳ db/seeds.rb:17
  [1m[35m (0.2ms)[0m  [1m[35mBEGIN[0m
  ↳ db/seeds.rb:18
  [1m[36mImage Create (0.3ms)[0m  [1m[32mINSERT INTO "images" ("name", "image", "created_at", "updated_at") VALUES ($1, $2, $3, $4) RETURNING "id"[0m  [["name", "jerold"], ["image", "images/best-house-plants.jpg"], ["created_at", "2019-03-04 20:26:22.385552"], ["updated_at", "2019-03-04 20:26:22.385552"]]
  ↳ db/seeds.rb:18
  [1m[35m (0.3ms)[0m  [1m[35mCOMMIT[0m
  ↳ db/seeds.rb:18
  [1m[35m (0.2ms)[0m  [1m[35mBEGIN[0m
  ↳ db/seeds.rb:19
  [1m[36mImage Create (0.4ms)[0m  [1m[32mINSERT INTO "images" ("name", "image", "created_at", "updated_at") VALUES ($1, $2, $3, $4) RETURNING "id"[0m  [["name", "triangle down under"], ["image", "images/har3_34004735-ce4f-463d-99c9-21fa15832325_580x@2x.jpg"], ["created_at", "2019-03-04 20:26:22.387367"], ["updated_at", "2019-03-04 20:26:22.387367"]]
  ↳ db/seeds.rb:19
  [1m[35m (0.4ms)[0m  [1m[35mCOMMIT[0m
  ↳ db/seeds.rb:19
  [1m[35m (0.1ms)[0m  [1m[35mBEGIN[0m
  ↳ db/seeds.rb:20
  [1m[36mImage Create (0.4ms)[0m  [1m[32mINSERT INTO "images" ("name", "image", "created_at", "updated_at") VALUES ($1, $2, $3, $4) RETURNING "id"[0m  [["name", "mountains building"], ["image", "images/images.crateandbarrel.jpg"], ["created_at", "2019-03-04 20:26:22.389249"], ["updated_at", "2019-03-04 20:26:22.389249"]]
  ↳ db/seeds.rb:20
  [1m[35m (0.4ms)[0m  [1m[35mCOMMIT[0m
  ↳ db/seeds.rb:20
  [1m[35m (0.1ms)[0m  [1m[35mBEGIN[0m
  ↳ db/seeds.rb:21
  [1m[36mImage Create (0.3ms)[0m  [1m[32mINSERT INTO "images" ("name", "image", "created_at", "updated_at") VALUES ($1, $2, $3, $4) RETURNING "id"[0m  [["name", "joanne"], ["image", "images/indoor-cactus-cactus-for-desk-indoor-with-exclusive-ceramic-indoor-cactus-garden-decorating-ideas.jpg"], ["created_at", "2019-03-04 20:26:22.391090"], ["updated_at", "2019-03-04 20:26:22.391090"]]
  ↳ db/seeds.rb:21
  [1m[35m (0.4ms)[0m  [1m[35mCOMMIT[0m
  ↳ db/seeds.rb:21
  [1m[35m (0.2ms)[0m  [1m[35mBEGIN[0m
  ↳ db/seeds.rb:22
  [1m[36mImage Create (0.3ms)[0m  [1m[32mINSERT INTO "images" ("name", "image", "created_at", "updated_at") VALUES ($1, $2, $3, $4) RETURNING "id"[0m  [["name", "moon landing"], ["image", "images/indoor-hanging-plants-264557-1533232476708-product.700x0c.jpg"], ["created_at", "2019-03-04 20:26:22.392817"], ["updated_at", "2019-03-04 20:26:22.392817"]]
  ↳ db/seeds.rb:22
  [1m[35m (0.3ms)[0m  [1m[35mCOMMIT[0m
  ↳ db/seeds.rb:22
  [1m[35m (0.1ms)[0m  [1m[35mBEGIN[0m
  ↳ db/seeds.rb:23
  [1m[36mImage Create (0.3ms)[0m  [1m[32mINSERT INTO "images" ("name", "image", "created_at", "updated_at") VALUES ($1, $2, $3, $4) RETURNING "id"[0m  [["name", "joe lorenzo"], ["image", "images/indoor-plant-32-beautiful-house-that-are-also-easy-to-maintain-b-u-y-i-t-pot-name-and-picture-stand-low-light-planter-indium-bunning-melbourne.jpg"], ["created_at", "2019-03-04 20:26:22.394422"], ["updated_at", "2019-03-04 20:26:22.394422"]]
  ↳ db/seeds.rb:23
  [1m[35m (0.4ms)[0m  [1m[35mCOMMIT[0m
  ↳ db/seeds.rb:23
  [1m[35m (0.2ms)[0m  [1m[35mBEGIN[0m
  ↳ db/seeds.rb:24
  [1m[36mImage Create (0.3ms)[0m  [1m[32mINSERT INTO "images" ("name", "image", "created_at", "updated_at") VALUES ($1, $2, $3, $4) RETURNING "id"[0m  [["name", "waffels with decisions"], ["image", "images/NorfolkIslandPine.jpg"], ["created_at", "2019-03-04 20:26:22.396170"], ["updated_at", "2019-03-04 20:26:22.396170"]]
  ↳ db/seeds.rb:24
  [1m[35m (0.5ms)[0m  [1m[35mCOMMIT[0m
  ↳ db/seeds.rb:24
  [1m[35m (0.2ms)[0m  [1m[35mBEGIN[0m
  ↳ db/seeds.rb:25
  [1m[36mImage Create (0.3ms)[0m  [1m[32mINSERT INTO "images" ("name", "image", "created_at", "updated_at") VALUES ($1, $2, $3, $4) RETURNING "id"[0m  [["name", "woods travelled"], ["image", "images/peace-lily.jpg"], ["created_at", "2019-03-04 20:26:22.398048"], ["updated_at", "2019-03-04 20:26:22.398048"]]
  ↳ db/seeds.rb:25
  [1m[35m (0.4ms)[0m  [1m[35mCOMMIT[0m
  ↳ db/seeds.rb:25
  [1m[35m (0.1ms)[0m  [1m[35mBEGIN[0m
  ↳ db/seeds.rb:26
  [1m[36mImage Create (0.3ms)[0m  [1m[32mINSERT INTO "images" ("name", "image", "created_at", "updated_at") VALUES ($1, $2, $3, $4) RETURNING "id"[0m  [["name", "horses and divorces"], ["image", "images/SM-9.jpg"], ["created_at", "2019-03-04 20:26:22.399857"], ["updated_at", "2019-03-04 20:26:22.399857"]]
  ↳ db/seeds.rb:26
  [1m[35m (0.3ms)[0m  [1m[35mCOMMIT[0m
  ↳ db/seeds.rb:26
  [1m[35m (0.2ms)[0m  [1m[35mBEGIN[0m
  ↳ db/seeds.rb:27
  [1m[36mImage Create (0.3ms)[0m  [1m[32mINSERT INTO "images" ("name", "image", "created_at", "updated_at") VALUES ($1, $2, $3, $4) RETURNING "id"[0m  [["name", "camels on moonstones"], ["image", "images/tall-house-plants-large-indoor-plants-tall-artificial-house-plants-uk.jpg"], ["created_at", "2019-03-04 20:26:22.401585"], ["updated_at", "2019-03-04 20:26:22.401585"]]
  ↳ db/seeds.rb:27
  [1m[35m (0.4ms)[0m  [1m[35mCOMMIT[0m
  ↳ db/seeds.rb:27
  [1m[35m (0.1ms)[0m  [1m[35mBEGIN[0m
  ↳ db/seeds.rb:28
  [1m[36mImage Create (0.4ms)[0m  [1m[32mINSERT INTO "images" ("name", "image", "created_at", "updated_at") VALUES ($1, $2, $3, $4) RETURNING "id"[0m  [["name", "festival of fyre"], ["image", "images/tumblr_o3uwkebUKw1ue7yrmo1_400.jpg"], ["created_at", "2019-03-04 20:26:22.403340"], ["updated_at", "2019-03-04 20:26:22.403340"]]
  ↳ db/seeds.rb:28
  [1m[35m (0.4ms)[0m  [1m[35mCOMMIT[0m
  ↳ db/seeds.rb:28
  [1m[35m (0.2ms)[0m  [1m[35mBEGIN[0m
  ↳ db/seeds.rb:29
  [1m[36mImage Create (0.3ms)[0m  [1m[32mINSERT INTO "images" ("name", "image", "created_at", "updated_at") VALUES ($1, $2, $3, $4) RETURNING "id"[0m  [["name", "midtown"], ["image", "images/types-of-tall-house-plants-sale-common-tall-house-plants-common-tree-house-plants.jpg"], ["created_at", "2019-03-04 20:26:22.405338"], ["updated_at", "2019-03-04 20:26:22.405338"]]
  ↳ db/seeds.rb:29
  [1m[35m (0.4ms)[0m  [1m[35mCOMMIT[0m
  ↳ db/seeds.rb:29
  [1m[35m (0.2ms)[0m  [1m[35mBEGIN[0m
  ↳ db/seeds.rb:31
  [1m[36mUser Create (0.8ms)[0m  [1m[32mINSERT INTO "users" ("username", "password_digest", "created_at", "updated_at") VALUES ($1, $2, $3, $4) RETURNING "id"[0m  [["username", "gracie"], ["password_digest", "$2a$10$G9XVzX4EX73ZcHNPm.cl1u2UXxThihZy9ERS5cTehZZnxLjYTiI9u"], ["created_at", "2019-03-04 20:26:22.474102"], ["updated_at", "2019-03-04 20:26:22.474102"]]
  ↳ db/seeds.rb:31
  [1m[35m (2.2ms)[0m  [1m[35mCOMMIT[0m
  ↳ db/seeds.rb:31
Started GET "/erics" for ::1 at 2019-03-04 15:29:34 -0500
  [1m[35m (1.4ms)[0m  [1m[34mSELECT "schema_migrations"."version" FROM "schema_migrations" ORDER BY "schema_migrations"."version" ASC[0m
  ↳ /Users/g/.rvm/gems/ruby-2.6.1/gems/activerecord-5.2.2/lib/active_record/log_subscriber.rb:98
  
ActionController::RoutingError (No route matches [GET] "/erics"):
  
actionpack (5.2.2) lib/action_dispatch/middleware/debug_exceptions.rb:65:in `call'
actionpack (5.2.2) lib/action_dispatch/middleware/show_exceptions.rb:33:in `call'
railties (5.2.2) lib/rails/rack/logger.rb:38:in `call_app'
railties (5.2.2) lib/rails/rack/logger.rb:26:in `block in call'
activesupport (5.2.2) lib/active_support/tagged_logging.rb:71:in `block in tagged'
activesupport (5.2.2) lib/active_support/tagged_logging.rb:28:in `tagged'
activesupport (5.2.2) lib/active_support/tagged_logging.rb:71:in `tagged'
railties (5.2.2) lib/rails/rack/logger.rb:26:in `call'
actionpack (5.2.2) lib/action_dispatch/middleware/remote_ip.rb:81:in `call'
actionpack (5.2.2) lib/action_dispatch/middleware/request_id.rb:27:in `call'
rack (2.0.6) lib/rack/runtime.rb:22:in `call'
activesupport (5.2.2) lib/active_support/cache/strategy/local_cache_middleware.rb:29:in `call'
actionpack (5.2.2) lib/action_dispatch/middleware/executor.rb:14:in `call'
actionpack (5.2.2) lib/action_dispatch/middleware/static.rb:127:in `call'
rack (2.0.6) lib/rack/sendfile.rb:111:in `call'
railties (5.2.2) lib/rails/engine.rb:524:in `call'
puma (3.12.0) lib/puma/configuration.rb:225:in `call'
puma (3.12.0) lib/puma/server.rb:658:in `handle_request'
puma (3.12.0) lib/puma/server.rb:472:in `process_client'
puma (3.12.0) lib/puma/server.rb:332:in `block in run'
puma (3.12.0) lib/puma/thread_pool.rb:133:in `block in spawn_thread'
Started GET "/images" for ::1 at 2019-03-04 15:29:53 -0500
  
ActionController::RoutingError (No route matches [GET] "/images"):
  
actionpack (5.2.2) lib/action_dispatch/middleware/debug_exceptions.rb:65:in `call'
actionpack (5.2.2) lib/action_dispatch/middleware/show_exceptions.rb:33:in `call'
railties (5.2.2) lib/rails/rack/logger.rb:38:in `call_app'
railties (5.2.2) lib/rails/rack/logger.rb:26:in `block in call'
activesupport (5.2.2) lib/active_support/tagged_logging.rb:71:in `block in tagged'
activesupport (5.2.2) lib/active_support/tagged_logging.rb:28:in `tagged'
activesupport (5.2.2) lib/active_support/tagged_logging.rb:71:in `tagged'
railties (5.2.2) lib/rails/rack/logger.rb:26:in `call'
actionpack (5.2.2) lib/action_dispatch/middleware/remote_ip.rb:81:in `call'
actionpack (5.2.2) lib/action_dispatch/middleware/request_id.rb:27:in `call'
rack (2.0.6) lib/rack/runtime.rb:22:in `call'
activesupport (5.2.2) lib/active_support/cache/strategy/local_cache_middleware.rb:29:in `call'
actionpack (5.2.2) lib/action_dispatch/middleware/executor.rb:14:in `call'
actionpack (5.2.2) lib/action_dispatch/middleware/static.rb:127:in `call'
rack (2.0.6) lib/rack/sendfile.rb:111:in `call'
railties (5.2.2) lib/rails/engine.rb:524:in `call'
puma (3.12.0) lib/puma/configuration.rb:225:in `call'
puma (3.12.0) lib/puma/server.rb:658:in `handle_request'
puma (3.12.0) lib/puma/server.rb:472:in `process_client'
puma (3.12.0) lib/puma/server.rb:332:in `block in run'
puma (3.12.0) lib/puma/thread_pool.rb:133:in `block in spawn_thread'
Started GET "/" for ::1 at 2019-03-04 15:31:51 -0500
  [1m[35m (0.8ms)[0m  [1m[34mSELECT "schema_migrations"."version" FROM "schema_migrations" ORDER BY "schema_migrations"."version" ASC[0m
  ↳ /Users/g/.rvm/gems/ruby-2.6.1/gems/activerecord-5.2.2/lib/active_record/log_subscriber.rb:98
Processing by Rails::WelcomeController#index as HTML
  Rendering /Users/g/.rvm/gems/ruby-2.6.1/gems/railties-5.2.2/lib/rails/templates/rails/welcome/index.html.erb
  Rendered /Users/g/.rvm/gems/ruby-2.6.1/gems/railties-5.2.2/lib/rails/templates/rails/welcome/index.html.erb (2.8ms)
Completed 200 OK in 11ms (Views: 9.1ms | ActiveRecord: 0.0ms)


Started GET "/api/v1/images" for ::1 at 2019-03-04 15:37:32 -0500
  [1m[35m (0.9ms)[0m  [1m[34mSELECT "schema_migrations"."version" FROM "schema_migrations" ORDER BY "schema_migrations"."version" ASC[0m
  ↳ /Users/g/.rvm/gems/ruby-2.6.1/gems/activerecord-5.2.2/lib/active_record/log_subscriber.rb:98
Processing by Api::V1::ImagesController#index as */*
Completed 500 Internal Server Error in 3ms (ActiveRecord: 0.0ms)


  
NameError (uninitialized constant Api::V1::ImagesController::Plant):
  
app/controllers/api/v1/images_controller.rb:3:in `index'
Started GET "/api/v1/images" for ::1 at 2019-03-04 15:37:49 -0500
Processing by Api::V1::ImagesController#index as HTML
Completed 500 Internal Server Error in 3ms (ActiveRecord: 0.0ms)


  
NameError (uninitialized constant Api::V1::ImagesController::Plant):
  
app/controllers/api/v1/images_controller.rb:3:in `index'
Started GET "/api/v1/images" for ::1 at 2019-03-04 15:39:41 -0500
  [1m[35m (1.0ms)[0m  [1m[34mSELECT "schema_migrations"."version" FROM "schema_migrations" ORDER BY "schema_migrations"."version" ASC[0m
  ↳ /Users/g/.rvm/gems/ruby-2.6.1/gems/activerecord-5.2.2/lib/active_record/log_subscriber.rb:98
Processing by Api::V1::ImagesController#index as HTML
  [1m[36mImage Load (0.8ms)[0m  [1m[34mSELECT "images".* FROM "images"[0m
  ↳ app/controllers/api/v1/images_controller.rb:4
[active_model_serializers] Rendered ActiveModel::Serializer::CollectionSerializer with ActiveModelSerializers::Adapter::Attributes (1.99ms)
Completed 200 OK in 39ms (Views: 27.3ms | ActiveRecord: 8.1ms)


Started GET "/favicon.ico" for ::1 at 2019-03-04 15:39:41 -0500
  
ActionController::RoutingError (No route matches [GET] "/favicon.ico"):
  
actionpack (5.2.2) lib/action_dispatch/middleware/debug_exceptions.rb:65:in `call'
actionpack (5.2.2) lib/action_dispatch/middleware/show_exceptions.rb:33:in `call'
railties (5.2.2) lib/rails/rack/logger.rb:38:in `call_app'
railties (5.2.2) lib/rails/rack/logger.rb:26:in `block in call'
activesupport (5.2.2) lib/active_support/tagged_logging.rb:71:in `block in tagged'
activesupport (5.2.2) lib/active_support/tagged_logging.rb:28:in `tagged'
activesupport (5.2.2) lib/active_support/tagged_logging.rb:71:in `tagged'
railties (5.2.2) lib/rails/rack/logger.rb:26:in `call'
actionpack (5.2.2) lib/action_dispatch/middleware/remote_ip.rb:81:in `call'
actionpack (5.2.2) lib/action_dispatch/middleware/request_id.rb:27:in `call'
rack (2.0.6) lib/rack/runtime.rb:22:in `call'
activesupport (5.2.2) lib/active_support/cache/strategy/local_cache_middleware.rb:29:in `call'
actionpack (5.2.2) lib/action_dispatch/middleware/executor.rb:14:in `call'
actionpack (5.2.2) lib/action_dispatch/middleware/static.rb:127:in `call'
rack (2.0.6) lib/rack/sendfile.rb:111:in `call'
railties (5.2.2) lib/rails/engine.rb:524:in `call'
puma (3.12.0) lib/puma/configuration.rb:225:in `call'
puma (3.12.0) lib/puma/server.rb:658:in `handle_request'
puma (3.12.0) lib/puma/server.rb:472:in `process_client'
puma (3.12.0) lib/puma/server.rb:332:in `block in run'
puma (3.12.0) lib/puma/thread_pool.rb:133:in `block in spawn_thread'
Started GET "/api/v1/images" for ::1 at 2019-03-04 15:39:44 -0500
Processing by Api::V1::ImagesController#index as */*
  [1m[36mImage Load (0.5ms)[0m  [1m[34mSELECT "images".* FROM "images"[0m
  ↳ app/controllers/api/v1/images_controller.rb:4
[active_model_serializers] Rendered ActiveModel::Serializer::CollectionSerializer with ActiveModelSerializers::Adapter::Attributes (1.73ms)
Completed 200 OK in 5ms (Views: 4.1ms | ActiveRecord: 0.5ms)


Started GET "/api/v1/images" for ::1 at 2019-03-04 15:40:58 -0500
Processing by Api::V1::ImagesController#index as */*
  [1m[36mImage Load (0.4ms)[0m  [1m[34mSELECT "images".* FROM "images"[0m
  ↳ app/controllers/api/v1/images_controller.rb:4
[active_model_serializers] Rendered ActiveModel::Serializer::CollectionSerializer with ActiveModelSerializers::Adapter::Attributes (1.81ms)
Completed 200 OK in 4ms (Views: 3.8ms | ActiveRecord: 0.4ms)


Started GET "/api/v1/images" for ::1 at 2019-03-04 15:41:33 -0500
Processing by Api::V1::ImagesController#index as */*
  [1m[36mImage Load (0.7ms)[0m  [1m[34mSELECT "images".* FROM "images"[0m
  ↳ app/controllers/api/v1/images_controller.rb:4
[active_model_serializers] Rendered ActiveModel::Serializer::CollectionSerializer with ActiveModelSerializers::Adapter::Attributes (1.98ms)
Completed 200 OK in 6ms (Views: 5.3ms | ActiveRecord: 0.7ms)


Started GET "/api/v1/images" for ::1 at 2019-03-04 15:41:35 -0500
Processing by Api::V1::ImagesController#index as */*
  [1m[36mImage Load (0.5ms)[0m  [1m[34mSELECT "images".* FROM "images"[0m
  ↳ app/controllers/api/v1/images_controller.rb:4
[active_model_serializers] Rendered ActiveModel::Serializer::CollectionSerializer with ActiveModelSerializers::Adapter::Attributes (1.96ms)
Completed 200 OK in 5ms (Views: 4.7ms | ActiveRecord: 0.5ms)


Started GET "/api/v1/images" for ::1 at 2019-03-04 15:42:26 -0500
Processing by Api::V1::ImagesController#index as */*
  [1m[36mImage Load (0.4ms)[0m  [1m[34mSELECT "images".* FROM "images"[0m
  ↳ app/controllers/api/v1/images_controller.rb:4
[active_model_serializers] Rendered ActiveModel::Serializer::CollectionSerializer with ActiveModelSerializers::Adapter::Attributes (1.75ms)
Completed 200 OK in 5ms (Views: 4.3ms | ActiveRecord: 0.4ms)


Started GET "/api/v1/images" for ::1 at 2019-03-04 15:42:41 -0500
Processing by Api::V1::ImagesController#index as */*
  [1m[36mImage Load (0.5ms)[0m  [1m[34mSELECT "images".* FROM "images"[0m
  ↳ app/controllers/api/v1/images_controller.rb:4
[active_model_serializers] Rendered ActiveModel::Serializer::CollectionSerializer with ActiveModelSerializers::Adapter::Attributes (3.05ms)
Completed 200 OK in 7ms (Views: 5.9ms | ActiveRecord: 0.5ms)


Started GET "/api/v1/images" for ::1 at 2019-03-04 15:43:36 -0500
Processing by Api::V1::ImagesController#index as HTML
  [1m[36mImage Load (0.5ms)[0m  [1m[34mSELECT "images".* FROM "images"[0m
  ↳ app/controllers/api/v1/images_controller.rb:4
[active_model_serializers] Rendered ActiveModel::Serializer::CollectionSerializer with ActiveModelSerializers::Adapter::Attributes (2.56ms)
Completed 200 OK in 17ms (Views: 16.6ms | ActiveRecord: 0.5ms)


Started GET "/api/v1/images" for ::1 at 2019-03-04 15:52:55 -0500
Processing by Api::V1::ImagesController#index as HTML
  [1m[36mImage Load (1.0ms)[0m  [1m[34mSELECT "images".* FROM "images"[0m
  ↳ app/controllers/api/v1/images_controller.rb:4
[active_model_serializers] Rendered ActiveModel::Serializer::CollectionSerializer with ActiveModelSerializers::Adapter::Attributes (2.12ms)
Completed 200 OK in 12ms (Views: 5.0ms | ActiveRecord: 6.7ms)


Started GET "/api/v1/images" for ::1 at 2019-03-04 15:53:16 -0500
Processing by Api::V1::ImagesController#index as */*
  [1m[36mImage Load (0.8ms)[0m  [1m[34mSELECT "images".* FROM "images"[0m
  ↳ app/controllers/api/v1/images_controller.rb:4
[active_model_serializers] Rendered ActiveModel::Serializer::CollectionSerializer with ActiveModelSerializers::Adapter::Attributes (2.39ms)
Completed 200 OK in 7ms (Views: 6.0ms | ActiveRecord: 0.8ms)


Started GET "/api/v1/images" for ::1 at 2019-03-04 15:53:24 -0500
Processing by Api::V1::ImagesController#index as */*
  [1m[36mImage Load (0.4ms)[0m  [1m[34mSELECT "images".* FROM "images"[0m
  ↳ app/controllers/api/v1/images_controller.rb:4
[active_model_serializers] Rendered ActiveModel::Serializer::CollectionSerializer with ActiveModelSerializers::Adapter::Attributes (2.89ms)
Completed 200 OK in 6ms (Views: 5.5ms | ActiveRecord: 0.4ms)


Started GET "/api/v1/images" for ::1 at 2019-03-04 15:55:06 -0500
Processing by Api::V1::ImagesController#index as */*
  [1m[36mImage Load (0.6ms)[0m  [1m[34mSELECT "images".* FROM "images"[0m
  ↳ app/controllers/api/v1/images_controller.rb:4
[active_model_serializers] Rendered ActiveModel::Serializer::CollectionSerializer with ActiveModelSerializers::Adapter::Attributes (2.34ms)
Completed 200 OK in 6ms (Views: 5.6ms | ActiveRecord: 0.6ms)


Started GET "/api/v1/images" for ::1 at 2019-03-04 15:57:01 -0500
  [1m[35m (0.8ms)[0m  [1m[34mSELECT "schema_migrations"."version" FROM "schema_migrations" ORDER BY "schema_migrations"."version" ASC[0m
  ↳ /Users/g/.rvm/gems/ruby-2.6.1/gems/activerecord-5.2.2/lib/active_record/log_subscriber.rb:98
Processing by Api::V1::ImagesController#index as */*
  [1m[36mImage Load (0.9ms)[0m  [1m[34mSELECT "images".* FROM "images"[0m
  ↳ app/controllers/api/v1/images_controller.rb:4
[active_model_serializers] Rendered ActiveModel::Serializer::CollectionSerializer with ActiveModelSerializers::Adapter::Attributes (1.85ms)
Completed 200 OK in 40ms (Views: 27.1ms | ActiveRecord: 8.0ms)


Started GET "/api/v1/images" for ::1 at 2019-03-04 15:57:43 -0500
Processing by Api::V1::ImagesController#index as */*
  [1m[36mImage Load (0.6ms)[0m  [1m[34mSELECT "images".* FROM "images"[0m
  ↳ app/controllers/api/v1/images_controller.rb:4
[active_model_serializers] Rendered ActiveModel::Serializer::CollectionSerializer with ActiveModelSerializers::Adapter::Attributes (2.89ms)
Completed 200 OK in 7ms (Views: 5.8ms | ActiveRecord: 0.6ms)


Started GET "/api/v1/images" for ::1 at 2019-03-04 15:58:01 -0500
  [1m[35m (0.8ms)[0m  [1m[34mSELECT "schema_migrations"."version" FROM "schema_migrations" ORDER BY "schema_migrations"."version" ASC[0m
  ↳ /Users/g/.rvm/gems/ruby-2.6.1/gems/activerecord-5.2.2/lib/active_record/log_subscriber.rb:98
Processing by Api::V1::ImagesController#index as */*
  [1m[36mImage Load (0.8ms)[0m  [1m[34mSELECT "images".* FROM "images"[0m
  ↳ app/controllers/api/v1/images_controller.rb:4
[active_model_serializers] Rendered ActiveModel::Serializer::CollectionSerializer with ActiveModelSerializers::Adapter::Attributes (2.57ms)
Completed 200 OK in 37ms (Views: 26.1ms | ActiveRecord: 7.2ms)


Started GET "/api/v1/images" for ::1 at 2019-03-04 16:02:52 -0500
Processing by Api::V1::ImagesController#index as */*
  [1m[36mImage Load (0.6ms)[0m  [1m[34mSELECT "images".* FROM "images"[0m
  ↳ app/controllers/api/v1/images_controller.rb:4
[active_model_serializers] Rendered ActiveModel::Serializer::CollectionSerializer with ActiveModelSerializers::Adapter::Attributes (2.39ms)
Completed 200 OK in 6ms (Views: 5.3ms | ActiveRecord: 0.6ms)


Started GET "/api/v1/images" for ::1 at 2019-03-04 16:03:08 -0500
Processing by Api::V1::ImagesController#index as */*
  [1m[36mImage Load (0.8ms)[0m  [1m[34mSELECT "images".* FROM "images"[0m
  ↳ app/controllers/api/v1/images_controller.rb:4
[active_model_serializers] Rendered ActiveModel::Serializer::CollectionSerializer with ActiveModelSerializers::Adapter::Attributes (2.95ms)
Completed 200 OK in 7ms (Views: 6.1ms | ActiveRecord: 0.8ms)


Started GET "/api/v1/images" for ::1 at 2019-03-04 16:04:19 -0500
Processing by Api::V1::ImagesController#index as */*
  [1m[36mImage Load (0.8ms)[0m  [1m[34mSELECT "images".* FROM "images"[0m
  ↳ app/controllers/api/v1/images_controller.rb:4
[active_model_serializers] Rendered ActiveModel::Serializer::CollectionSerializer with ActiveModelSerializers::Adapter::Attributes (2.45ms)
Completed 200 OK in 6ms (Views: 5.1ms | ActiveRecord: 0.8ms)


Started GET "/api/v1/images" for ::1 at 2019-03-04 16:07:14 -0500
Processing by Api::V1::ImagesController#index as */*
  [1m[36mImage Load (0.5ms)[0m  [1m[34mSELECT "images".* FROM "images"[0m
  ↳ app/controllers/api/v1/images_controller.rb:4
[active_model_serializers] Rendered ActiveModel::Serializer::CollectionSerializer with ActiveModelSerializers::Adapter::Attributes (2.23ms)
Completed 200 OK in 6ms (Views: 5.6ms | ActiveRecord: 0.5ms)


Started GET "/api/v1/users/1" for ::1 at 2019-03-04 16:10:20 -0500
Started GET "/api/v1/images" for ::1 at 2019-03-04 16:10:20 -0500
Processing by Api::V1::UsersController#show as */*
  Parameters: {"id"=>"1"}
  [1m[36mUser Load (1.3ms)[0m  [1m[34mSELECT  "users".* FROM "users" WHERE "users"."id" = $1 LIMIT $2[0m  [["id", 1], ["LIMIT", 1]]
  ↳ app/controllers/api/v1/users_controller.rb:8
Processing by Api::V1::ImagesController#index as */*
  [1m[36mImage Load (26.2ms)[0m  [1m[34mSELECT "images".* FROM "images"[0m
  ↳ app/controllers/api/v1/images_controller.rb:4
[active_model_serializers] Rendered ActiveModel::Serializer::CollectionSerializer with ActiveModelSerializers::Adapter::Attributes (3.23ms)
Completed 200 OK in 47ms (Views: 11.9ms | ActiveRecord: 34.7ms)


[active_model_serializers]   [1m[36mImage Load (3.5ms)[0m  [1m[34mSELECT "images".* FROM "images" INNER JOIN "user_images" ON "images"."id" = "user_images"."image_id" WHERE "user_images"."user_id" = $1[0m  [["user_id", 1]]
[active_model_serializers]   ↳ app/controllers/api/v1/users_controller.rb:9
[active_model_serializers] Rendered UserSerializer with ActiveModelSerializers::Adapter::Attributes (89.4ms)
Completed 200 OK in 140ms (Views: 109.6ms | ActiveRecord: 16.0ms)


Started GET "/api/v1/images" for ::1 at 2019-03-04 16:10:35 -0500
Started GET "/api/v1/users/1" for ::1 at 2019-03-04 16:10:35 -0500
Processing by Api::V1::ImagesController#index as */*
Processing by Api::V1::UsersController#show as */*
  Parameters: {"id"=>"1"}
  [1m[36mImage Load (0.8ms)[0m  [1m[34mSELECT "images".* FROM "images"[0m
  ↳ app/controllers/api/v1/images_controller.rb:4
[active_model_serializers] Rendered ActiveModel::Serializer::CollectionSerializer with ActiveModelSerializers::Adapter::Attributes (2.42ms)
Completed 200 OK in 6ms (Views: 5.3ms | ActiveRecord: 0.8ms)


  [1m[36mUser Load (1.3ms)[0m  [1m[34mSELECT  "users".* FROM "users" WHERE "users"."id" = $1 LIMIT $2[0m  [["id", 1], ["LIMIT", 1]]
  ↳ app/controllers/api/v1/users_controller.rb:8
[active_model_serializers]   [1m[36mImage Load (1.3ms)[0m  [1m[34mSELECT "images".* FROM "images" INNER JOIN "user_images" ON "images"."id" = "user_images"."image_id" WHERE "user_images"."user_id" = $1[0m  [["user_id", 1]]
[active_model_serializers]   ↳ app/controllers/api/v1/users_controller.rb:9
[active_model_serializers] Rendered UserSerializer with ActiveModelSerializers::Adapter::Attributes (4.07ms)
Completed 200 OK in 15ms (Views: 3.4ms | ActiveRecord: 5.9ms)


Started GET "/erics" for ::1 at 2019-03-04 16:39:32 -0500
  
LoadError (cannot load such file -- /Users/g/Development/Mod-4/projects/coloring-book/coloring-book-backend/config/routes.rb):
  
bootsnap (1.4.1) lib/bootsnap/load_path_cache/core_ext/kernel_require.rb:50:in `load'
bootsnap (1.4.1) lib/bootsnap/load_path_cache/core_ext/kernel_require.rb:50:in `load'
activesupport (5.2.2) lib/active_support/dependencies.rb:285:in `block in load'
activesupport (5.2.2) lib/active_support/dependencies.rb:257:in `load_dependency'
activesupport (5.2.2) lib/active_support/dependencies.rb:285:in `load'
railties (5.2.2) lib/rails/application/routes_reloader.rb:41:in `block in load_paths'
railties (5.2.2) lib/rails/application/routes_reloader.rb:41:in `each'
railties (5.2.2) lib/rails/application/routes_reloader.rb:41:in `load_paths'
railties (5.2.2) lib/rails/application/routes_reloader.rb:20:in `reload!'
railties (5.2.2) lib/rails/application/routes_reloader.rb:30:in `block in updater'
activesupport (5.2.2) lib/active_support/file_update_checker.rb:83:in `execute'
railties (5.2.2) lib/rails/application/routes_reloader.rb:10:in `execute'
railties (5.2.2) lib/rails/application/finisher.rb:143:in `block (2 levels) in <module:Finisher>'
activesupport (5.2.2) lib/active_support/callbacks.rb:426:in `instance_exec'
activesupport (5.2.2) lib/active_support/callbacks.rb:426:in `block in make_lambda'
activesupport (5.2.2) lib/active_support/callbacks.rb:198:in `block (2 levels) in halting'
activesupport (5.2.2) lib/active_support/callbacks.rb:606:in `block (2 levels) in default_terminator'
activesupport (5.2.2) lib/active_support/callbacks.rb:605:in `catch'
activesupport (5.2.2) lib/active_support/callbacks.rb:605:in `block in default_terminator'
activesupport (5.2.2) lib/active_support/callbacks.rb:199:in `block in halting'
activesupport (5.2.2) lib/active_support/callbacks.rb:513:in `block in invoke_before'
activesupport (5.2.2) lib/active_support/callbacks.rb:513:in `each'
activesupport (5.2.2) lib/active_support/callbacks.rb:513:in `invoke_before'
activesupport (5.2.2) lib/active_support/callbacks.rb:131:in `run_callbacks'
activesupport (5.2.2) lib/active_support/execution_wrapper.rb:110:in `run!'
activesupport (5.2.2) lib/active_support/reloader.rb:115:in `run!'
activesupport (5.2.2) lib/active_support/execution_wrapper.rb:72:in `block in run!'
activesupport (5.2.2) lib/active_support/execution_wrapper.rb:69:in `tap'
activesupport (5.2.2) lib/active_support/execution_wrapper.rb:69:in `run!'
activesupport (5.2.2) lib/active_support/reloader.rb:64:in `run!'
actionpack (5.2.2) lib/action_dispatch/middleware/executor.rb:12:in `call'
actionpack (5.2.2) lib/action_dispatch/middleware/debug_exceptions.rb:61:in `call'
actionpack (5.2.2) lib/action_dispatch/middleware/show_exceptions.rb:33:in `call'
railties (5.2.2) lib/rails/rack/logger.rb:38:in `call_app'
railties (5.2.2) lib/rails/rack/logger.rb:26:in `block in call'
activesupport (5.2.2) lib/active_support/tagged_logging.rb:71:in `block in tagged'
activesupport (5.2.2) lib/active_support/tagged_logging.rb:28:in `tagged'
activesupport (5.2.2) lib/active_support/tagged_logging.rb:71:in `tagged'
railties (5.2.2) lib/rails/rack/logger.rb:26:in `call'
actionpack (5.2.2) lib/action_dispatch/middleware/remote_ip.rb:81:in `call'
actionpack (5.2.2) lib/action_dispatch/middleware/request_id.rb:27:in `call'
rack (2.0.6) lib/rack/runtime.rb:22:in `call'
activesupport (5.2.2) lib/active_support/cache/strategy/local_cache_middleware.rb:29:in `call'
actionpack (5.2.2) lib/action_dispatch/middleware/executor.rb:14:in `call'
actionpack (5.2.2) lib/action_dispatch/middleware/static.rb:127:in `call'
rack (2.0.6) lib/rack/sendfile.rb:111:in `call'
rack-cors (1.0.2) lib/rack/cors.rb:97:in `call'
railties (5.2.2) lib/rails/engine.rb:524:in `call'
puma (3.12.0) lib/puma/configuration.rb:225:in `call'
puma (3.12.0) lib/puma/server.rb:658:in `handle_request'
puma (3.12.0) lib/puma/server.rb:472:in `process_client'
puma (3.12.0) lib/puma/server.rb:332:in `block in run'
puma (3.12.0) lib/puma/thread_pool.rb:133:in `block in spawn_thread'
Started GET "/erics" for ::1 at 2019-03-04 16:46:32 -0500
  
ActionController::RoutingError (No route matches [GET] "/erics"):
  
actionpack (5.2.2) lib/action_dispatch/middleware/debug_exceptions.rb:65:in `call'
actionpack (5.2.2) lib/action_dispatch/middleware/show_exceptions.rb:33:in `call'
railties (5.2.2) lib/rails/rack/logger.rb:38:in `call_app'
railties (5.2.2) lib/rails/rack/logger.rb:26:in `block in call'
activesupport (5.2.2) lib/active_support/tagged_logging.rb:71:in `block in tagged'
activesupport (5.2.2) lib/active_support/tagged_logging.rb:28:in `tagged'
activesupport (5.2.2) lib/active_support/tagged_logging.rb:71:in `tagged'
railties (5.2.2) lib/rails/rack/logger.rb:26:in `call'
actionpack (5.2.2) lib/action_dispatch/middleware/remote_ip.rb:81:in `call'
actionpack (5.2.2) lib/action_dispatch/middleware/request_id.rb:27:in `call'
rack (2.0.6) lib/rack/runtime.rb:22:in `call'
activesupport (5.2.2) lib/active_support/cache/strategy/local_cache_middleware.rb:29:in `call'
actionpack (5.2.2) lib/action_dispatch/middleware/executor.rb:14:in `call'
actionpack (5.2.2) lib/action_dispatch/middleware/static.rb:127:in `call'
rack (2.0.6) lib/rack/sendfile.rb:111:in `call'
rack-cors (1.0.2) lib/rack/cors.rb:97:in `call'
railties (5.2.2) lib/rails/engine.rb:524:in `call'
puma (3.12.0) lib/puma/configuration.rb:225:in `call'
puma (3.12.0) lib/puma/server.rb:658:in `handle_request'
puma (3.12.0) lib/puma/server.rb:472:in `process_client'
puma (3.12.0) lib/puma/server.rb:332:in `block in run'
puma (3.12.0) lib/puma/thread_pool.rb:133:in `block in spawn_thread'
Started GET "/ap1/v1/images" for ::1 at 2019-03-04 16:47:33 -0500
  
ActionController::RoutingError (No route matches [GET] "/ap1/v1/images"):
  
actionpack (5.2.2) lib/action_dispatch/middleware/debug_exceptions.rb:65:in `call'
actionpack (5.2.2) lib/action_dispatch/middleware/show_exceptions.rb:33:in `call'
railties (5.2.2) lib/rails/rack/logger.rb:38:in `call_app'
railties (5.2.2) lib/rails/rack/logger.rb:26:in `block in call'
activesupport (5.2.2) lib/active_support/tagged_logging.rb:71:in `block in tagged'
activesupport (5.2.2) lib/active_support/tagged_logging.rb:28:in `tagged'
activesupport (5.2.2) lib/active_support/tagged_logging.rb:71:in `tagged'
railties (5.2.2) lib/rails/rack/logger.rb:26:in `call'
actionpack (5.2.2) lib/action_dispatch/middleware/remote_ip.rb:81:in `call'
actionpack (5.2.2) lib/action_dispatch/middleware/request_id.rb:27:in `call'
rack (2.0.6) lib/rack/runtime.rb:22:in `call'
activesupport (5.2.2) lib/active_support/cache/strategy/local_cache_middleware.rb:29:in `call'
actionpack (5.2.2) lib/action_dispatch/middleware/executor.rb:14:in `call'
actionpack (5.2.2) lib/action_dispatch/middleware/static.rb:127:in `call'
rack (2.0.6) lib/rack/sendfile.rb:111:in `call'
rack-cors (1.0.2) lib/rack/cors.rb:97:in `call'
railties (5.2.2) lib/rails/engine.rb:524:in `call'
puma (3.12.0) lib/puma/configuration.rb:225:in `call'
puma (3.12.0) lib/puma/server.rb:658:in `handle_request'
puma (3.12.0) lib/puma/server.rb:472:in `process_client'
puma (3.12.0) lib/puma/server.rb:332:in `block in run'
puma (3.12.0) lib/puma/thread_pool.rb:133:in `block in spawn_thread'
